<?xml version="1.0" encoding="UTF-8"?>
<coverage generated="1748051008">
  <project timestamp="1748051008">
    <file name="E:\PROYECTOS\MAESTRIA\koel\app\Attributes\DisabledInDemo.php">
      <class name="App\Attributes\DisabledInDemo" namespace="global">
        <metrics complexity="1" methods="1" coveredmethods="1" conditionals="0" coveredconditionals="0" statements="1" coveredstatements="1" elements="2" coveredelements="2"/>
      </class>
      <line num="11" type="method" name="__construct" visibility="public" complexity="1" crap="1" count="2"/>
      <line num="13" type="stmt" count="2"/>
      <metrics loc="15" ncloc="15" classes="1" methods="1" coveredmethods="1" conditionals="0" coveredconditionals="0" statements="1" coveredstatements="1" elements="2" coveredelements="2"/>
    </file>
    <file name="E:\PROYECTOS\MAESTRIA\koel\app\Attributes\RequiresPlus.php">
      <class name="App\Attributes\RequiresPlus" namespace="global">
        <metrics complexity="1" methods="1" coveredmethods="1" conditionals="0" coveredconditionals="0" statements="1" coveredstatements="1" elements="2" coveredelements="2"/>
      </class>
      <line num="11" type="method" name="__construct" visibility="public" complexity="1" crap="1" count="1"/>
      <line num="13" type="stmt" count="1"/>
      <metrics loc="15" ncloc="15" classes="1" methods="1" coveredmethods="1" conditionals="0" coveredconditionals="0" statements="1" coveredstatements="1" elements="2" coveredelements="2"/>
    </file>
    <file name="E:\PROYECTOS\MAESTRIA\koel\app\Builders\AlbumBuilder.php">
      <class name="App\Builders\AlbumBuilder" namespace="global">
        <metrics complexity="6" methods="4" coveredmethods="4" conditionals="0" coveredconditionals="0" statements="21" coveredstatements="21" elements="25" coveredelements="25"/>
      </class>
      <line num="28" type="method" name="isStandard" visibility="public" complexity="1" crap="1" count="10"/>
      <line num="30" type="stmt" count="10"/>
      <line num="33" type="method" name="accessibleBy" visibility="public" complexity="2" crap="2" count="11"/>
      <line num="35" type="stmt" count="11"/>
      <line num="37" type="stmt" count="10"/>
      <line num="40" type="stmt" count="1"/>
      <line num="41" type="stmt" count="1"/>
      <line num="42" type="stmt" count="1"/>
      <line num="43" type="stmt" count="1"/>
      <line num="44" type="stmt" count="1"/>
      <line num="45" type="stmt" count="1"/>
      <line num="46" type="stmt" count="1"/>
      <line num="49" type="method" name="normalizeSortColumn" visibility="private" complexity="2" crap="2" count="1"/>
      <line num="51" type="stmt" count="1"/>
      <line num="52" type="stmt" count="1"/>
      <line num="53" type="stmt" count="1"/>
      <line num="56" type="method" name="sort" visibility="public" complexity="1" crap="1" count="1"/>
      <line num="58" type="stmt" count="1"/>
      <line num="60" type="stmt" count="1"/>
      <line num="62" type="stmt" count="1"/>
      <line num="63" type="stmt" count="1"/>
      <line num="65" type="stmt" count="1"/>
      <line num="66" type="stmt" count="1"/>
      <line num="67" type="stmt" count="1"/>
      <line num="68" type="stmt" count="1"/>
      <metrics loc="71" ncloc="70" classes="1" methods="4" coveredmethods="4" conditionals="0" coveredconditionals="0" statements="21" coveredstatements="21" elements="25" coveredelements="25"/>
    </file>
    <file name="E:\PROYECTOS\MAESTRIA\koel\app\Builders\ArtistBuilder.php">
      <class name="App\Builders\ArtistBuilder" namespace="global">
        <metrics complexity="6" methods="4" coveredmethods="4" conditionals="0" coveredconditionals="0" statements="17" coveredstatements="17" elements="21" coveredelements="21"/>
      </class>
      <line num="24" type="method" name="isStandard" visibility="public" complexity="1" crap="1" count="10"/>
      <line num="26" type="stmt" count="10"/>
      <line num="29" type="method" name="accessibleBy" visibility="public" complexity="2" crap="2" count="10"/>
      <line num="31" type="stmt" count="10"/>
      <line num="33" type="stmt" count="9"/>
      <line num="36" type="stmt" count="1"/>
      <line num="37" type="stmt" count="1"/>
      <line num="38" type="stmt" count="1"/>
      <line num="39" type="stmt" count="1"/>
      <line num="40" type="stmt" count="1"/>
      <line num="41" type="stmt" count="1"/>
      <line num="42" type="stmt" count="1"/>
      <line num="45" type="method" name="normalizeSortColumn" visibility="private" complexity="2" crap="2" count="1"/>
      <line num="47" type="stmt" count="1"/>
      <line num="48" type="stmt" count="1"/>
      <line num="49" type="stmt" count="1"/>
      <line num="52" type="method" name="sort" visibility="public" complexity="1" crap="1" count="1"/>
      <line num="54" type="stmt" count="1"/>
      <line num="56" type="stmt" count="1"/>
      <line num="57" type="stmt" count="1"/>
      <line num="59" type="stmt" count="1"/>
      <metrics loc="62" ncloc="61" classes="1" methods="4" coveredmethods="4" conditionals="0" coveredconditionals="0" statements="17" coveredstatements="17" elements="21" coveredelements="21"/>
    </file>
    <file name="E:\PROYECTOS\MAESTRIA\koel\app\Builders\PodcastBuilder.php">
      <class name="App\Builders\PodcastBuilder" namespace="global">
        <metrics complexity="1" methods="1" coveredmethods="1" conditionals="0" coveredconditionals="0" statements="4" coveredstatements="4" elements="5" coveredelements="5"/>
      </class>
      <line num="11" type="method" name="subscribedBy" visibility="public" complexity="1" crap="1" count="1"/>
      <line num="13" type="stmt" count="1"/>
      <line num="14" type="stmt" count="1"/>
      <line num="15" type="stmt" count="1"/>
      <line num="16" type="stmt" count="1"/>
      <metrics loc="19" ncloc="19" classes="1" methods="1" coveredmethods="1" conditionals="0" coveredconditionals="0" statements="4" coveredstatements="4" elements="5" coveredelements="5"/>
    </file>
    <file name="E:\PROYECTOS\MAESTRIA\koel\app\Builders\SongBuilder.php">
      <class name="App\Builders\SongBuilder" namespace="global">
        <metrics complexity="12" methods="9" coveredmethods="7" conditionals="0" coveredconditionals="0" statements="64" coveredstatements="60" elements="73" coveredelements="67"/>
      </class>
      <line num="41" type="method" name="inDirectory" visibility="public" complexity="1" crap="2" count="0"/>
      <line num="44" type="stmt" count="0"/>
      <line num="46" type="stmt" count="0"/>
      <line num="49" type="method" name="withMeta" visibility="public" complexity="1" crap="1" count="76"/>
      <line num="51" type="stmt" count="76"/>
      <line num="52" type="stmt" count="76"/>
      <line num="53" type="stmt" count="76"/>
      <line num="55" type="stmt" count="76"/>
      <line num="56" type="stmt" count="76"/>
      <line num="57" type="stmt" count="76"/>
      <line num="58" type="stmt" count="76"/>
      <line num="59" type="stmt" count="76"/>
      <line num="60" type="stmt" count="76"/>
      <line num="61" type="stmt" count="76"/>
      <line num="62" type="stmt" count="76"/>
      <line num="63" type="stmt" count="76"/>
      <line num="64" type="stmt" count="76"/>
      <line num="65" type="stmt" count="76"/>
      <line num="66" type="stmt" count="76"/>
      <line num="67" type="stmt" count="76"/>
      <line num="68" type="stmt" count="76"/>
      <line num="69" type="stmt" count="76"/>
      <line num="70" type="stmt" count="76"/>
      <line num="73" type="method" name="accessible" visibility="public" complexity="2" crap="2" count="57"/>
      <line num="75" type="stmt" count="57"/>
      <line num="77" type="stmt" count="45"/>
      <line num="81" type="stmt" count="12"/>
      <line num="82" type="stmt" count="12"/>
      <line num="83" type="stmt" count="12"/>
      <line num="84" type="stmt" count="12"/>
      <line num="85" type="stmt" count="12"/>
      <line num="86" type="stmt" count="12"/>
      <line num="88" type="stmt" count="12"/>
      <line num="89" type="stmt" count="12"/>
      <line num="90" type="stmt" count="12"/>
      <line num="92" type="stmt" count="12"/>
      <line num="93" type="stmt" count="12"/>
      <line num="94" type="stmt" count="12"/>
      <line num="97" type="method" name="sortByOneColumn" visibility="private" complexity="1" crap="1" count="5"/>
      <line num="99" type="stmt" count="5"/>
      <line num="101" type="stmt" count="5"/>
      <line num="102" type="stmt" count="5"/>
      <line num="104" type="stmt" count="5"/>
      <line num="105" type="stmt" count="5"/>
      <line num="106" type="stmt" count="5"/>
      <line num="107" type="stmt" count="5"/>
      <line num="108" type="stmt" count="5"/>
      <line num="109" type="stmt" count="5"/>
      <line num="110" type="stmt" count="5"/>
      <line num="111" type="stmt" count="5"/>
      <line num="112" type="stmt" count="5"/>
      <line num="113" type="stmt" count="5"/>
      <line num="114" type="stmt" count="5"/>
      <line num="115" type="stmt" count="5"/>
      <line num="118" type="method" name="sort" visibility="public" complexity="2" crap="2" count="5"/>
      <line num="120" type="stmt" count="5"/>
      <line num="122" type="stmt" count="5"/>
      <line num="123" type="stmt" count="5"/>
      <line num="126" type="stmt" count="5"/>
      <line num="129" type="method" name="normalizeSortColumn" visibility="private" complexity="2" crap="2" count="5"/>
      <line num="131" type="stmt" count="5"/>
      <line num="132" type="stmt" count="2"/>
      <line num="133" type="stmt" count="5"/>
      <line num="136" type="method" name="storedOnCloud" visibility="public" complexity="1" crap="1" count="5"/>
      <line num="138" type="stmt" count="5"/>
      <line num="139" type="stmt" count="5"/>
      <line num="140" type="stmt" count="5"/>
      <line num="143" type="method" name="storedLocally" visibility="public" complexity="1" crap="2" count="0"/>
      <line num="145" type="stmt" count="0"/>
      <line num="146" type="stmt" count="0"/>
      <line num="149" type="method" name="forUser" visibility="public" complexity="1" crap="1" count="79"/>
      <line num="151" type="stmt" count="79"/>
      <line num="153" type="stmt" count="79"/>
      <metrics loc="156" ncloc="148" classes="1" methods="9" coveredmethods="7" conditionals="0" coveredconditionals="0" statements="64" coveredstatements="60" elements="73" coveredelements="67"/>
    </file>
    <file name="E:\PROYECTOS\MAESTRIA\koel\app\Casts\EncryptedValueCast.php">
      <class name="App\Casts\EncryptedValueCast" namespace="global">
        <metrics complexity="4" methods="2" coveredmethods="2" conditionals="0" coveredconditionals="0" statements="2" coveredstatements="2" elements="4" coveredelements="4"/>
      </class>
      <line num="10" type="method" name="get" visibility="public" complexity="2" crap="2" count="6"/>
      <line num="12" type="stmt" count="6"/>
      <line num="15" type="method" name="set" visibility="public" complexity="2" crap="2" count="7"/>
      <line num="17" type="stmt" count="7"/>
      <metrics loc="20" ncloc="20" classes="1" methods="2" coveredmethods="2" conditionals="0" coveredconditionals="0" statements="2" coveredstatements="2" elements="4" coveredelements="4"/>
    </file>
    <file name="E:\PROYECTOS\MAESTRIA\koel\app\Casts\LicenseInstanceCast.php">
      <class name="App\Casts\LicenseInstanceCast" namespace="global">
        <metrics complexity="5" methods="2" coveredmethods="0" conditionals="0" coveredconditionals="0" statements="18" coveredstatements="2" elements="20" coveredelements="2"/>
      </class>
      <line num="12" type="method" name="get" visibility="public" complexity="3" crap="9.32" count="2"/>
      <line num="15" type="stmt" count="2"/>
      <line num="16" type="stmt" count="0"/>
      <line num="17" type="stmt" count="0"/>
      <line num="18" type="stmt" count="0"/>
      <line num="19" type="stmt" count="0"/>
      <line num="20" type="stmt" count="0"/>
      <line num="21" type="stmt" count="0"/>
      <line num="22" type="stmt" count="0"/>
      <line num="24" type="stmt" count="0"/>
      <line num="29" type="method" name="set" visibility="public" complexity="2" crap="4.81" count="7"/>
      <line num="32" type="stmt" count="7"/>
      <line num="33" type="stmt" count="0"/>
      <line num="34" type="stmt" count="0"/>
      <line num="35" type="stmt" count="0"/>
      <line num="36" type="stmt" count="0"/>
      <line num="37" type="stmt" count="0"/>
      <line num="38" type="stmt" count="0"/>
      <line num="39" type="stmt" count="0"/>
      <line num="41" type="stmt" count="0"/>
      <metrics loc="45" ncloc="44" classes="1" methods="2" coveredmethods="0" conditionals="0" coveredconditionals="0" statements="18" coveredstatements="2" elements="20" coveredelements="2"/>
    </file>
    <file name="E:\PROYECTOS\MAESTRIA\koel\app\Casts\LicenseMetaCast.php">
      <class name="App\Casts\LicenseMetaCast" namespace="global">
        <metrics complexity="5" methods="2" coveredmethods="0" conditionals="0" coveredconditionals="0" statements="18" coveredstatements="1" elements="20" coveredelements="1"/>
      </class>
      <line num="12" type="method" name="get" visibility="public" complexity="3" crap="12" count="0"/>
      <line num="15" type="stmt" count="0"/>
      <line num="16" type="stmt" count="0"/>
      <line num="17" type="stmt" count="0"/>
      <line num="18" type="stmt" count="0"/>
      <line num="19" type="stmt" count="0"/>
      <line num="20" type="stmt" count="0"/>
      <line num="21" type="stmt" count="0"/>
      <line num="22" type="stmt" count="0"/>
      <line num="24" type="stmt" count="0"/>
      <line num="29" type="method" name="set" visibility="public" complexity="2" crap="4.81" count="7"/>
      <line num="32" type="stmt" count="7"/>
      <line num="33" type="stmt" count="0"/>
      <line num="34" type="stmt" count="0"/>
      <line num="35" type="stmt" count="0"/>
      <line num="36" type="stmt" count="0"/>
      <line num="37" type="stmt" count="0"/>
      <line num="38" type="stmt" count="0"/>
      <line num="39" type="stmt" count="0"/>
      <line num="41" type="stmt" count="0"/>
      <metrics loc="45" ncloc="44" classes="1" methods="2" coveredmethods="0" conditionals="0" coveredconditionals="0" statements="18" coveredstatements="1" elements="20" coveredelements="1"/>
    </file>
    <file name="E:\PROYECTOS\MAESTRIA\koel\app\Casts\Podcast\CategoriesCast.php">
      <class name="App\Casts\Podcast\CategoriesCast" namespace="global">
        <metrics complexity="5" methods="2" coveredmethods="1" conditionals="0" coveredconditionals="0" statements="6" coveredstatements="3" elements="8" coveredelements="4"/>
      </class>
      <line num="12" type="method" name="get" visibility="public" complexity="3" crap="12" count="0"/>
      <line num="15" type="stmt" count="0"/>
      <line num="16" type="stmt" count="0"/>
      <line num="17" type="stmt" count="0"/>
      <line num="22" type="method" name="set" visibility="public" complexity="2" crap="2" count="14"/>
      <line num="24" type="stmt" count="14"/>
      <line num="25" type="stmt" count="13"/>
      <line num="28" type="stmt" count="14"/>
      <metrics loc="31" ncloc="30" classes="1" methods="2" coveredmethods="1" conditionals="0" coveredconditionals="0" statements="6" coveredstatements="3" elements="8" coveredelements="4"/>
    </file>
    <file name="E:\PROYECTOS\MAESTRIA\koel\app\Casts\Podcast\EnclosureCast.php">
      <class name="App\Casts\Podcast\EnclosureCast" namespace="global">
        <metrics complexity="3" methods="2" coveredmethods="0" conditionals="0" coveredconditionals="0" statements="4" coveredstatements="0" elements="6" coveredelements="0"/>
      </class>
      <line num="11" type="method" name="get" visibility="public" complexity="1" crap="2" count="0"/>
      <line num="13" type="stmt" count="0"/>
      <line num="17" type="method" name="set" visibility="public" complexity="2" crap="6" count="0"/>
      <line num="19" type="stmt" count="0"/>
      <line num="20" type="stmt" count="0"/>
      <line num="23" type="stmt" count="0"/>
      <metrics loc="26" ncloc="25" classes="1" methods="2" coveredmethods="0" conditionals="0" coveredconditionals="0" statements="4" coveredstatements="0" elements="6" coveredelements="0"/>
    </file>
    <file name="E:\PROYECTOS\MAESTRIA\koel\app\Casts\Podcast\EpisodeMetadataCast.php">
      <class name="App\Casts\Podcast\EpisodeMetadataCast" namespace="global">
        <metrics complexity="4" methods="2" coveredmethods="1" conditionals="0" coveredconditionals="0" statements="6" coveredstatements="5" elements="8" coveredelements="6"/>
      </class>
      <line num="12" type="method" name="get" visibility="public" complexity="2" crap="2" count="165"/>
      <line num="15" type="stmt" count="165"/>
      <line num="16" type="stmt" count="164"/>
      <line num="17" type="stmt" count="164"/>
      <line num="22" type="method" name="set" visibility="public" complexity="2" crap="2.15" count="165"/>
      <line num="24" type="stmt" count="165"/>
      <line num="25" type="stmt" count="0"/>
      <line num="28" type="stmt" count="165"/>
      <metrics loc="31" ncloc="30" classes="1" methods="2" coveredmethods="1" conditionals="0" coveredconditionals="0" statements="6" coveredstatements="5" elements="8" coveredelements="6"/>
    </file>
    <file name="E:\PROYECTOS\MAESTRIA\koel\app\Casts\Podcast\PodcastMetadataCast.php">
      <class name="App\Casts\Podcast\PodcastMetadataCast" namespace="global">
        <metrics complexity="4" methods="2" coveredmethods="1" conditionals="0" coveredconditionals="0" statements="6" coveredstatements="4" elements="8" coveredelements="5"/>
      </class>
      <line num="12" type="method" name="get" visibility="public" complexity="2" crap="3.19" count="13"/>
      <line num="15" type="stmt" count="13"/>
      <line num="16" type="stmt" count="0"/>
      <line num="17" type="stmt" count="0"/>
      <line num="22" type="method" name="set" visibility="public" complexity="2" crap="2" count="14"/>
      <line num="24" type="stmt" count="14"/>
      <line num="25" type="stmt" count="13"/>
      <line num="28" type="stmt" count="14"/>
      <metrics loc="31" ncloc="30" classes="1" methods="2" coveredmethods="1" conditionals="0" coveredconditionals="0" statements="6" coveredstatements="4" elements="8" coveredelements="5"/>
    </file>
    <file name="E:\PROYECTOS\MAESTRIA\koel\app\Casts\Podcast\PodcastStateCast.php">
      <class name="App\Casts\Podcast\PodcastStateCast" namespace="global">
        <metrics complexity="4" methods="2" coveredmethods="2" conditionals="0" coveredconditionals="0" statements="6" coveredstatements="6" elements="8" coveredelements="8"/>
      </class>
      <line num="11" type="method" name="get" visibility="public" complexity="2" crap="2" count="2"/>
      <line num="13" type="stmt" count="2"/>
      <line num="14" type="stmt" count="1"/>
      <line num="17" type="stmt" count="2"/>
      <line num="23" type="method" name="set" visibility="public" complexity="2" crap="2" count="1"/>
      <line num="25" type="stmt" count="1"/>
      <line num="26" type="stmt" count="1"/>
      <line num="29" type="stmt" count="1"/>
      <metrics loc="32" ncloc="29" classes="1" methods="2" coveredmethods="2" conditionals="0" coveredconditionals="0" statements="6" coveredstatements="6" elements="8" coveredelements="8"/>
    </file>
    <file name="E:\PROYECTOS\MAESTRIA\koel\app\Casts\SmartPlaylistRulesCast.php">
      <class name="App\Casts\SmartPlaylistRulesCast" namespace="global">
        <metrics complexity="4" methods="2" coveredmethods="2" conditionals="0" coveredconditionals="0" statements="6" coveredstatements="6" elements="8" coveredelements="8"/>
      </class>
      <line num="10" type="method" name="get" visibility="public" complexity="2" crap="2" count="51"/>
      <line num="12" type="stmt" count="51"/>
      <line num="13" type="stmt" count="26"/>
      <line num="14" type="stmt" count="51"/>
      <line num="17" type="method" name="set" visibility="public" complexity="2" crap="2" count="77"/>
      <line num="19" type="stmt" count="77"/>
      <line num="20" type="stmt" count="22"/>
      <line num="23" type="stmt" count="77"/>
      <metrics loc="26" ncloc="26" classes="1" methods="2" coveredmethods="2" conditionals="0" coveredconditionals="0" statements="6" coveredstatements="6" elements="8" coveredelements="8"/>
    </file>
    <file name="E:\PROYECTOS\MAESTRIA\koel\app\Casts\SongLyricsCast.php">
      <class name="App\Casts\SongLyricsCast" namespace="global">
        <metrics complexity="3" methods="2" coveredmethods="2" conditionals="0" coveredconditionals="0" statements="5" coveredstatements="5" elements="7" coveredelements="7"/>
      </class>
      <line num="11" type="method" name="get" visibility="public" complexity="2" crap="2" count="40"/>
      <line num="13" type="stmt" count="40"/>
      <line num="14" type="stmt" count="5"/>
      <line num="18" type="stmt" count="35"/>
      <line num="21" type="stmt" count="35"/>
      <line num="24" type="method" name="set" visibility="public" complexity="1" crap="1" count="169"/>
      <line num="26" type="stmt" count="169"/>
      <metrics loc="29" ncloc="26" classes="1" methods="2" coveredmethods="2" conditionals="0" coveredconditionals="0" statements="5" coveredstatements="5" elements="7" coveredelements="7"/>
    </file>
    <file name="E:\PROYECTOS\MAESTRIA\koel\app\Casts\SongStorageCast.php">
      <class name="App\Casts\SongStorageCast" namespace="global">
        <metrics complexity="3" methods="2" coveredmethods="2" conditionals="0" coveredconditionals="0" statements="3" coveredstatements="3" elements="5" coveredelements="5"/>
      </class>
      <line num="12" type="method" name="get" visibility="public" complexity="1" crap="1" count="29"/>
      <line num="14" type="stmt" count="29"/>
      <line num="18" type="method" name="set" visibility="public" complexity="2" crap="2" count="43"/>
      <line num="20" type="stmt" count="43"/>
      <line num="22" type="stmt" count="43"/>
      <metrics loc="25" ncloc="23" classes="1" methods="2" coveredmethods="2" conditionals="0" coveredconditionals="0" statements="3" coveredstatements="3" elements="5" coveredelements="5"/>
    </file>
    <file name="E:\PROYECTOS\MAESTRIA\koel\app\Casts\SongTitleCast.php">
      <class name="App\Casts\SongTitleCast" namespace="global">
        <metrics complexity="3" methods="2" coveredmethods="2" conditionals="0" coveredconditionals="0" statements="2" coveredstatements="2" elements="4" coveredelements="4"/>
      </class>
      <line num="15" type="method" name="get" visibility="public" complexity="2" crap="2" count="165"/>
      <line num="18" type="stmt" count="165"/>
      <line num="24" type="method" name="set" visibility="public" complexity="1" crap="1" count="169"/>
      <line num="26" type="stmt" count="169"/>
      <metrics loc="29" ncloc="21" classes="1" methods="2" coveredmethods="2" conditionals="0" coveredconditionals="0" statements="2" coveredstatements="2" elements="4" coveredelements="4"/>
    </file>
    <file name="E:\PROYECTOS\MAESTRIA\koel\app\Casts\UserPreferencesCast.php">
      <class name="App\Casts\UserPreferencesCast" namespace="global">
        <metrics complexity="4" methods="2" coveredmethods="2" conditionals="0" coveredconditionals="0" statements="2" coveredstatements="2" elements="4" coveredelements="4"/>
      </class>
      <line num="10" type="method" name="get" visibility="public" complexity="2" crap="2" count="34"/>
      <line num="12" type="stmt" count="34"/>
      <line num="16" type="method" name="set" visibility="public" complexity="2" crap="2" count="306"/>
      <line num="18" type="stmt" count="306"/>
      <metrics loc="21" ncloc="20" classes="1" methods="2" coveredmethods="2" conditionals="0" coveredconditionals="0" statements="2" coveredstatements="2" elements="4" coveredelements="4"/>
    </file>
    <file name="E:\PROYECTOS\MAESTRIA\koel\app\Enums\DoctorResult.php">
      <metrics loc="10" ncloc="10" classes="0" methods="0" coveredmethods="0" conditionals="0" coveredconditionals="0" statements="0" coveredstatements="0" elements="0" coveredelements="0"/>
    </file>
    <file name="E:\PROYECTOS\MAESTRIA\koel\app\Enums\LicenseStatus.php">
      <metrics loc="12" ncloc="12" classes="0" methods="0" coveredmethods="0" conditionals="0" coveredconditionals="0" statements="0" coveredstatements="0" elements="0" coveredelements="0"/>
    </file>
    <file name="E:\PROYECTOS\MAESTRIA\koel\app\Enums\PermissionableResourceType.php">
      <class name="App\Enums\PermissionableResourceType" namespace="global">
        <metrics complexity="1" methods="1" coveredmethods="0" conditionals="0" coveredconditionals="0" statements="5" coveredstatements="0" elements="6" coveredelements="0"/>
      </class>
      <line num="14" type="method" name="resolve" visibility="public" complexity="1" crap="2" count="0"/>
      <line num="16" type="stmt" count="0"/>
      <line num="17" type="stmt" count="0"/>
      <line num="18" type="stmt" count="0"/>
      <line num="19" type="stmt" count="0"/>
      <line num="20" type="stmt" count="0"/>
      <metrics loc="23" ncloc="23" classes="1" methods="1" coveredmethods="0" conditionals="0" coveredconditionals="0" statements="5" coveredstatements="0" elements="6" coveredelements="0"/>
    </file>
    <file name="E:\PROYECTOS\MAESTRIA\koel\app\Enums\PlayableType.php">
      <metrics loc="10" ncloc="10" classes="0" methods="0" coveredmethods="0" conditionals="0" coveredconditionals="0" statements="0" coveredstatements="0" elements="0" coveredelements="0"/>
    </file>
    <file name="E:\PROYECTOS\MAESTRIA\koel\app\Enums\ScanEvent.php">
      <metrics loc="11" ncloc="11" classes="0" methods="0" coveredmethods="0" conditionals="0" coveredconditionals="0" statements="0" coveredstatements="0" elements="0" coveredelements="0"/>
    </file>
    <file name="E:\PROYECTOS\MAESTRIA\koel\app\Enums\ScanResultType.php">
      <metrics loc="11" ncloc="11" classes="0" methods="0" coveredmethods="0" conditionals="0" coveredconditionals="0" statements="0" coveredstatements="0" elements="0" coveredelements="0"/>
    </file>
    <file name="E:\PROYECTOS\MAESTRIA\koel\app\Enums\SmartPlaylistModel.php">
      <class name="App\Enums\SmartPlaylistModel" namespace="global">
        <metrics complexity="2" methods="2" coveredmethods="2" conditionals="0" coveredconditionals="0" statements="12" coveredstatements="12" elements="14" coveredelements="14"/>
      </class>
      <line num="19" type="method" name="toColumnName" visibility="public" complexity="1" crap="1" count="21"/>
      <line num="21" type="stmt" count="21"/>
      <line num="22" type="stmt" count="21"/>
      <line num="23" type="stmt" count="21"/>
      <line num="24" type="stmt" count="21"/>
      <line num="25" type="stmt" count="21"/>
      <line num="26" type="stmt" count="21"/>
      <line num="27" type="stmt" count="21"/>
      <line num="28" type="stmt" count="21"/>
      <line num="29" type="stmt" count="21"/>
      <line num="30" type="stmt" count="21"/>
      <line num="31" type="stmt" count="21"/>
      <line num="34" type="method" name="isDate" visibility="public" complexity="1" crap="1" count="21"/>
      <line num="36" type="stmt" count="21"/>
      <metrics loc="39" ncloc="39" classes="1" methods="2" coveredmethods="2" conditionals="0" coveredconditionals="0" statements="12" coveredstatements="12" elements="14" coveredelements="14"/>
    </file>
    <file name="E:\PROYECTOS\MAESTRIA\koel\app\Enums\SmartPlaylistOperator.php">
      <class name="App\Enums\SmartPlaylistOperator" namespace="global">
        <metrics complexity="1" methods="1" coveredmethods="1" conditionals="0" coveredconditionals="0" statements="5" coveredstatements="5" elements="6" coveredelements="6"/>
      </class>
      <line num="20" type="method" name="toEloquentClause" visibility="public" complexity="1" crap="1" count="21"/>
      <line num="22" type="stmt" count="21"/>
      <line num="23" type="stmt" count="21"/>
      <line num="24" type="stmt" count="21"/>
      <line num="25" type="stmt" count="21"/>
      <line num="26" type="stmt" count="21"/>
      <metrics loc="29" ncloc="29" classes="1" methods="1" coveredmethods="1" conditionals="0" coveredconditionals="0" statements="5" coveredstatements="5" elements="6" coveredelements="6"/>
    </file>
    <file name="E:\PROYECTOS\MAESTRIA\koel\app\Enums\SongStorageType.php">
      <class name="App\Enums\SongStorageType" namespace="global">
        <metrics complexity="3" methods="1" coveredmethods="1" conditionals="0" coveredconditionals="0" statements="1" coveredstatements="1" elements="2" coveredelements="2"/>
      </class>
      <line num="15" type="method" name="supported" visibility="public" complexity="3" crap="3" count="25"/>
      <line num="17" type="stmt" count="25"/>
      <metrics loc="20" ncloc="20" classes="1" methods="1" coveredmethods="1" conditionals="0" coveredconditionals="0" statements="1" coveredstatements="1" elements="2" coveredelements="2"/>
    </file>
    <file name="E:\PROYECTOS\MAESTRIA\koel\app\Filesystems\DropboxFilesystem.php">
      <class name="App\Filesystems\DropboxFilesystem" namespace="global">
        <metrics complexity="3" methods="3" coveredmethods="2" conditionals="0" coveredconditionals="0" statements="3" coveredstatements="2" elements="6" coveredelements="4"/>
      </class>
      <line num="11" type="method" name="__construct" visibility="public" complexity="1" crap="1" count="1"/>
      <line num="13" type="stmt" count="1"/>
      <line num="16" type="method" name="temporaryUrl" visibility="public" complexity="1" crap="2" count="0"/>
      <line num="18" type="stmt" count="0"/>
      <line num="21" type="method" name="getAdapter" visibility="public" complexity="1" crap="1" count="1"/>
      <line num="23" type="stmt" count="1"/>
      <metrics loc="26" ncloc="26" classes="1" methods="3" coveredmethods="2" conditionals="0" coveredconditionals="0" statements="3" coveredstatements="2" elements="6" coveredelements="4"/>
    </file>
    <file name="E:\PROYECTOS\MAESTRIA\koel\app\Helpers.php">
      <line num="16" type="stmt" count="61"/>
      <line num="18" type="stmt" count="61"/>
      <line num="23" type="stmt" count="20"/>
      <line num="28" type="stmt" count="44"/>
      <line num="33" type="stmt" count="2"/>
      <line num="38" type="stmt" count="18"/>
      <line num="43" type="stmt" count="2"/>
      <line num="48" type="stmt" count="11"/>
      <line num="53" type="stmt" count="4"/>
      <line num="58" type="stmt" count="2"/>
      <line num="63" type="stmt" count="3"/>
      <line num="68" type="stmt" count="397"/>
      <line num="73" type="stmt" count="6"/>
      <line num="78" type="stmt" count="14"/>
      <line num="83" type="stmt" count="16"/>
      <line num="84" type="stmt" count="14"/>
      <line num="87" type="stmt" count="2"/>
      <line num="88" type="stmt" count="0"/>
      <line num="91" type="stmt" count="2"/>
      <line num="100" type="stmt" count="3"/>
      <line num="106" type="stmt" count="3"/>
      <line num="107" type="stmt" count="0"/>
      <line num="110" type="stmt" count="3"/>
      <line num="113" type="stmt" count="3"/>
      <line num="114" type="stmt" count="3"/>
      <line num="115" type="stmt" count="3"/>
      <line num="117" type="stmt" count="0"/>
      <line num="120" type="stmt" count="3"/>
      <line num="125" type="stmt" count="21"/>
      <line num="128" type="stmt" count="21"/>
      <metrics loc="130" ncloc="117" classes="0" methods="0" coveredmethods="0" conditionals="0" coveredconditionals="0" statements="30" coveredstatements="27" elements="30" coveredelements="27"/>
    </file>
    <file name="E:\PROYECTOS\MAESTRIA\koel\app\Http\Controllers\API\ActivateLicenseController.php">
      <class name="App\Http\Controllers\API\ActivateLicenseController" namespace="global">
        <metrics complexity="1" methods="1" coveredmethods="0" conditionals="0" coveredconditionals="0" statements="3" coveredstatements="0" elements="4" coveredelements="0"/>
      </class>
      <line num="12" type="method" name="__invoke" visibility="public" complexity="1" crap="2" count="0"/>
      <line num="14" type="stmt" count="0"/>
      <line num="16" type="stmt" count="0"/>
      <line num="18" type="stmt" count="0"/>
      <metrics loc="21" ncloc="21" classes="1" methods="1" coveredmethods="0" conditionals="0" coveredconditionals="0" statements="3" coveredstatements="0" elements="4" coveredelements="0"/>
    </file>
    <file name="E:\PROYECTOS\MAESTRIA\koel\app\Http\Controllers\API\AlbumController.php">
      <class name="App\Http\Controllers\API\AlbumController" namespace="global">
        <metrics complexity="5" methods="4" coveredmethods="3" conditionals="0" coveredconditionals="0" statements="10" coveredstatements="8" elements="14" coveredelements="11"/>
      </class>
      <line num="18" type="method" name="__construct" visibility="public" complexity="1" crap="1" count="7"/>
      <line num="22" type="stmt" count="7"/>
      <line num="24" type="method" name="index" visibility="public" complexity="1" crap="1" count="1"/>
      <line num="26" type="stmt" count="1"/>
      <line num="27" type="stmt" count="1"/>
      <line num="28" type="stmt" count="1"/>
      <line num="29" type="stmt" count="1"/>
      <line num="32" type="method" name="show" visibility="public" complexity="1" crap="1" count="1"/>
      <line num="34" type="stmt" count="1"/>
      <line num="37" type="method" name="update" visibility="public" complexity="2" crap="2.50" count="5"/>
      <line num="39" type="stmt" count="5"/>
      <line num="42" type="stmt" count="3"/>
      <line num="43" type="stmt" count="0"/>
      <line num="44" type="stmt" count="0"/>
      <metrics loc="48" ncloc="48" classes="1" methods="4" coveredmethods="3" conditionals="0" coveredconditionals="0" statements="10" coveredstatements="8" elements="14" coveredelements="11"/>
    </file>
    <file name="E:\PROYECTOS\MAESTRIA\koel\app\Http\Controllers\API\AlbumSongController.php">
      <class name="App\Http\Controllers\API\AlbumSongController" namespace="global">
        <metrics complexity="2" methods="2" coveredmethods="2" conditionals="0" coveredconditionals="0" statements="2" coveredstatements="2" elements="4" coveredelements="4"/>
      </class>
      <line num="15" type="method" name="__construct" visibility="public" complexity="1" crap="1" count="1"/>
      <line num="19" type="stmt" count="1"/>
      <line num="21" type="method" name="index" visibility="public" complexity="1" crap="1" count="1"/>
      <line num="23" type="stmt" count="1"/>
      <metrics loc="26" ncloc="25" classes="1" methods="2" coveredmethods="2" conditionals="0" coveredconditionals="0" statements="2" coveredstatements="2" elements="4" coveredelements="4"/>
    </file>
    <file name="E:\PROYECTOS\MAESTRIA\koel\app\Http\Controllers\API\ArtistAlbumController.php">
      <class name="App\Http\Controllers\API\ArtistAlbumController" namespace="global">
        <metrics complexity="2" methods="2" coveredmethods="2" conditionals="0" coveredconditionals="0" statements="2" coveredstatements="2" elements="4" coveredelements="4"/>
      </class>
      <line num="12" type="method" name="__construct" visibility="public" complexity="1" crap="1" count="1"/>
      <line num="14" type="stmt" count="1"/>
      <line num="16" type="method" name="index" visibility="public" complexity="1" crap="1" count="1"/>
      <line num="18" type="stmt" count="1"/>
      <metrics loc="21" ncloc="21" classes="1" methods="2" coveredmethods="2" conditionals="0" coveredconditionals="0" statements="2" coveredstatements="2" elements="4" coveredelements="4"/>
    </file>
    <file name="E:\PROYECTOS\MAESTRIA\koel\app\Http\Controllers\API\ArtistController.php">
      <class name="App\Http\Controllers\API\ArtistController" namespace="global">
        <metrics complexity="3" methods="3" coveredmethods="3" conditionals="0" coveredconditionals="0" statements="6" coveredstatements="6" elements="9" coveredelements="9"/>
      </class>
      <line num="13" type="method" name="__construct" visibility="public" complexity="1" crap="1" count="2"/>
      <line num="15" type="stmt" count="2"/>
      <line num="17" type="method" name="index" visibility="public" complexity="1" crap="1" count="1"/>
      <line num="19" type="stmt" count="1"/>
      <line num="20" type="stmt" count="1"/>
      <line num="21" type="stmt" count="1"/>
      <line num="22" type="stmt" count="1"/>
      <line num="25" type="method" name="show" visibility="public" complexity="1" crap="1" count="1"/>
      <line num="27" type="stmt" count="1"/>
      <metrics loc="30" ncloc="30" classes="1" methods="3" coveredmethods="3" conditionals="0" coveredconditionals="0" statements="6" coveredstatements="6" elements="9" coveredelements="9"/>
    </file>
    <file name="E:\PROYECTOS\MAESTRIA\koel\app\Http\Controllers\API\ArtistSongController.php">
      <class name="App\Http\Controllers\API\ArtistSongController" namespace="global">
        <metrics complexity="2" methods="2" coveredmethods="2" conditionals="0" coveredconditionals="0" statements="2" coveredstatements="2" elements="4" coveredelements="4"/>
      </class>
      <line num="15" type="method" name="__construct" visibility="public" complexity="1" crap="1" count="1"/>
      <line num="19" type="stmt" count="1"/>
      <line num="21" type="method" name="index" visibility="public" complexity="1" crap="1" count="1"/>
      <line num="23" type="stmt" count="1"/>
      <metrics loc="26" ncloc="25" classes="1" methods="2" coveredmethods="2" conditionals="0" coveredconditionals="0" statements="2" coveredstatements="2" elements="4" coveredelements="4"/>
    </file>
    <file name="E:\PROYECTOS\MAESTRIA\koel\app\Http\Controllers\API\AuthController.php">
      <class name="App\Http\Controllers\API\AuthController" namespace="global">
        <metrics complexity="8" methods="6" coveredmethods="5" conditionals="0" coveredconditionals="0" statements="21" coveredstatements="19" elements="27" coveredelements="24"/>
      </class>
      <line num="19" type="method" name="__construct" visibility="public" complexity="1" crap="1" count="3"/>
      <line num="21" type="stmt" count="3"/>
      <line num="23" type="method" name="login" visibility="public" complexity="1" crap="1" count="2"/>
      <line num="25" type="stmt" count="2"/>
      <line num="26" type="stmt" count="2"/>
      <line num="27" type="stmt" count="2"/>
      <line num="28" type="stmt" count="2"/>
      <line num="30" type="stmt" count="2"/>
      <line num="33" type="method" name="loginUsingOneTimeToken" visibility="public" complexity="1" crap="1" count="1"/>
      <line num="35" type="stmt" count="1"/>
      <line num="36" type="stmt" count="1"/>
      <line num="37" type="stmt" count="1"/>
      <line num="38" type="stmt" count="1"/>
      <line num="40" type="stmt" count="1"/>
      <line num="43" type="method" name="throttleLoginRequest" visibility="private" complexity="3" crap="3.21" count="3"/>
      <line num="45" type="stmt" count="3"/>
      <line num="46" type="stmt" count="0"/>
      <line num="47" type="stmt" count="0"/>
      <line num="51" type="stmt" count="3"/>
      <line num="52" type="stmt" count="1"/>
      <line num="53" type="stmt" count="1"/>
      <line num="54" type="stmt" count="1"/>
      <line num="58" type="method" name="logout" visibility="public" complexity="1" crap="1" count="1"/>
      <line num="60" type="stmt" count="1"/>
      <line num="62" type="stmt" count="1"/>
      <line num="68" type="method" name="username" visibility="protected" complexity="1" crap="1" count="3"/>
      <line num="70" type="stmt" count="3"/>
      <metrics loc="73" ncloc="70" classes="1" methods="6" coveredmethods="5" conditionals="0" coveredconditionals="0" statements="21" coveredstatements="19" elements="27" coveredelements="24"/>
    </file>
    <file name="E:\PROYECTOS\MAESTRIA\koel\app\Http\Controllers\API\CheckResourcePermissionController.php">
      <class name="App\Http\Controllers\API\CheckResourcePermissionController" namespace="global">
        <metrics complexity="1" methods="1" coveredmethods="0" conditionals="0" coveredconditionals="0" statements="6" coveredstatements="0" elements="7" coveredelements="0"/>
      </class>
      <line num="12" type="method" name="__invoke" visibility="public" complexity="1" crap="2" count="0"/>
      <line num="18" type="stmt" count="0"/>
      <line num="19" type="stmt" count="0"/>
      <line num="20" type="stmt" count="0"/>
      <line num="21" type="stmt" count="0"/>
      <line num="22" type="stmt" count="0"/>
      <line num="23" type="stmt" count="0"/>
      <metrics loc="26" ncloc="26" classes="1" methods="1" coveredmethods="0" conditionals="0" coveredconditionals="0" statements="6" coveredstatements="0" elements="7" coveredelements="0"/>
    </file>
    <file name="E:\PROYECTOS\MAESTRIA\koel\app\Http\Controllers\API\DisconnectFromLastfmController.php">
      <class name="App\Http\Controllers\API\DisconnectFromLastfmController" namespace="global">
        <metrics complexity="1" methods="1" coveredmethods="1" conditionals="0" coveredconditionals="0" statements="2" coveredstatements="2" elements="3" coveredelements="3"/>
      </class>
      <line num="13" type="method" name="__invoke" visibility="public" complexity="1" crap="1" count="1"/>
      <line num="15" type="stmt" count="1"/>
      <line num="17" type="stmt" count="1"/>
      <metrics loc="20" ncloc="19" classes="1" methods="1" coveredmethods="1" conditionals="0" coveredconditionals="0" statements="2" coveredstatements="2" elements="3" coveredelements="3"/>
    </file>
    <file name="E:\PROYECTOS\MAESTRIA\koel\app\Http\Controllers\API\ExcerptSearchController.php">
      <class name="App\Http\Controllers\API\ExcerptSearchController" namespace="global">
        <metrics complexity="1" methods="1" coveredmethods="1" conditionals="0" coveredconditionals="0" statements="1" coveredstatements="1" elements="2" coveredelements="2"/>
      </class>
      <line num="12" type="method" name="__invoke" visibility="public" complexity="1" crap="1" count="1"/>
      <line num="14" type="stmt" count="1"/>
      <metrics loc="17" ncloc="17" classes="1" methods="1" coveredmethods="1" conditionals="0" coveredconditionals="0" statements="1" coveredstatements="1" elements="2" coveredelements="2"/>
    </file>
    <file name="E:\PROYECTOS\MAESTRIA\koel\app\Http\Controllers\API\FetchAlbumInformationController.php">
      <class name="App\Http\Controllers\API\FetchAlbumInformationController" namespace="global">
        <metrics complexity="1" methods="1" coveredmethods="1" conditionals="0" coveredconditionals="0" statements="1" coveredstatements="1" elements="2" coveredelements="2"/>
      </class>
      <line num="11" type="method" name="__invoke" visibility="public" complexity="1" crap="1" count="2"/>
      <line num="13" type="stmt" count="2"/>
      <metrics loc="16" ncloc="16" classes="1" methods="1" coveredmethods="1" conditionals="0" coveredconditionals="0" statements="1" coveredstatements="1" elements="2" coveredelements="2"/>
    </file>
    <file name="E:\PROYECTOS\MAESTRIA\koel\app\Http\Controllers\API\FetchAlbumThumbnailController.php">
      <class name="App\Http\Controllers\API\FetchAlbumThumbnailController" namespace="global">
        <metrics complexity="1" methods="1" coveredmethods="1" conditionals="0" coveredconditionals="0" statements="1" coveredstatements="1" elements="2" coveredelements="2"/>
      </class>
      <line num="11" type="method" name="__invoke" visibility="public" complexity="1" crap="1" count="2"/>
      <line num="13" type="stmt" count="2"/>
      <metrics loc="16" ncloc="16" classes="1" methods="1" coveredmethods="1" conditionals="0" coveredconditionals="0" statements="1" coveredstatements="1" elements="2" coveredelements="2"/>
    </file>
    <file name="E:\PROYECTOS\MAESTRIA\koel\app\Http\Controllers\API\FetchArtistInformationController.php">
      <class name="App\Http\Controllers\API\FetchArtistInformationController" namespace="global">
        <metrics complexity="1" methods="1" coveredmethods="1" conditionals="0" coveredconditionals="0" statements="1" coveredstatements="1" elements="2" coveredelements="2"/>
      </class>
      <line num="11" type="method" name="__invoke" visibility="public" complexity="1" crap="1" count="2"/>
      <line num="13" type="stmt" count="2"/>
      <metrics loc="16" ncloc="16" classes="1" methods="1" coveredmethods="1" conditionals="0" coveredconditionals="0" statements="1" coveredstatements="1" elements="2" coveredelements="2"/>
    </file>
    <file name="E:\PROYECTOS\MAESTRIA\koel\app\Http\Controllers\API\FetchDemoCreditsController.php">
      <class name="App\Http\Controllers\API\FetchDemoCreditsController" namespace="global">
        <metrics complexity="2" methods="1" coveredmethods="0" conditionals="0" coveredconditionals="0" statements="3" coveredstatements="0" elements="4" coveredelements="0"/>
      </class>
      <line num="11" type="method" name="__invoke" visibility="public" complexity="2" crap="6" count="0"/>
      <line num="14" type="stmt" count="0"/>
      <line num="15" type="stmt" count="0"/>
      <line num="16" type="stmt" count="0"/>
      <metrics loc="20" ncloc="20" classes="1" methods="1" coveredmethods="0" conditionals="0" coveredconditionals="0" statements="3" coveredstatements="0" elements="4" coveredelements="0"/>
    </file>
    <file name="E:\PROYECTOS\MAESTRIA\koel\app\Http\Controllers\API\FetchFavoriteSongsController.php">
      <class name="App\Http\Controllers\API\FetchFavoriteSongsController" namespace="global">
        <metrics complexity="1" methods="1" coveredmethods="1" conditionals="0" coveredconditionals="0" statements="1" coveredstatements="1" elements="2" coveredelements="2"/>
      </class>
      <line num="14" type="method" name="__invoke" visibility="public" complexity="1" crap="1" count="1"/>
      <line num="16" type="stmt" count="1"/>
      <metrics loc="19" ncloc="18" classes="1" methods="1" coveredmethods="1" conditionals="0" coveredconditionals="0" statements="1" coveredstatements="1" elements="2" coveredelements="2"/>
    </file>
    <file name="E:\PROYECTOS\MAESTRIA\koel\app\Http\Controllers\API\FetchFoldersUnderPathController.php">
      <class name="App\Http\Controllers\API\FetchFoldersUnderPathController" namespace="global">
        <metrics complexity="2" methods="1" coveredmethods="0" conditionals="0" coveredconditionals="0" statements="4" coveredstatements="0" elements="5" coveredelements="0"/>
      </class>
      <line num="14" type="method" name="__invoke" visibility="public" complexity="2" crap="6" count="0"/>
      <line num="16" type="stmt" count="0"/>
      <line num="18" type="stmt" count="0"/>
      <line num="19" type="stmt" count="0"/>
      <line num="22" type="stmt" count="0"/>
      <metrics loc="25" ncloc="25" classes="1" methods="1" coveredmethods="0" conditionals="0" coveredconditionals="0" statements="4" coveredstatements="0" elements="5" coveredelements="0"/>
    </file>
    <file name="E:\PROYECTOS\MAESTRIA\koel\app\Http\Controllers\API\FetchInitialDataController.php">
      <class name="App\Http\Controllers\API\FetchInitialDataController" namespace="global">
        <metrics complexity="4" methods="1" coveredmethods="0" conditionals="0" coveredconditionals="0" statements="34" coveredstatements="33" elements="35" coveredelements="33"/>
      </class>
      <line num="28" type="method" name="__invoke" visibility="public" complexity="4" crap="4" count="3"/>
      <line num="38" type="stmt" count="3"/>
      <line num="40" type="stmt" count="3"/>
      <line num="41" type="stmt" count="3"/>
      <line num="42" type="stmt" count="3"/>
      <line num="43" type="stmt" count="3"/>
      <line num="44" type="stmt" count="3"/>
      <line num="45" type="stmt" count="3"/>
      <line num="46" type="stmt" count="3"/>
      <line num="47" type="stmt" count="3"/>
      <line num="48" type="stmt" count="3"/>
      <line num="49" type="stmt" count="3"/>
      <line num="50" type="stmt" count="3"/>
      <line num="51" type="stmt" count="3"/>
      <line num="52" type="stmt" count="3"/>
      <line num="53" type="stmt" count="3"/>
      <line num="54" type="stmt" count="3"/>
      <line num="55" type="stmt" count="3"/>
      <line num="56" type="stmt" count="3"/>
      <line num="57" type="stmt" count="3"/>
      <line num="58" type="stmt" count="0"/>
      <line num="59" type="stmt" count="3"/>
      <line num="60" type="stmt" count="3"/>
      <line num="61" type="stmt" count="3"/>
      <line num="62" type="stmt" count="3"/>
      <line num="63" type="stmt" count="3"/>
      <line num="64" type="stmt" count="3"/>
      <line num="65" type="stmt" count="3"/>
      <line num="66" type="stmt" count="3"/>
      <line num="67" type="stmt" count="3"/>
      <line num="68" type="stmt" count="3"/>
      <line num="69" type="stmt" count="3"/>
      <line num="70" type="stmt" count="3"/>
      <line num="71" type="stmt" count="3"/>
      <line num="72" type="stmt" count="3"/>
      <metrics loc="75" ncloc="74" classes="1" methods="1" coveredmethods="0" conditionals="0" coveredconditionals="0" statements="34" coveredstatements="33" elements="35" coveredelements="33"/>
    </file>
    <file name="E:\PROYECTOS\MAESTRIA\koel\app\Http\Controllers\API\FetchOverviewController.php">
      <class name="App\Http\Controllers\API\FetchOverviewController" namespace="global">
        <metrics complexity="1" methods="1" coveredmethods="1" conditionals="0" coveredconditionals="0" statements="8" coveredstatements="8" elements="9" coveredelements="9"/>
      </class>
      <line num="15" type="method" name="__invoke" visibility="public" complexity="1" crap="1" count="1"/>
      <line num="20" type="stmt" count="1"/>
      <line num="21" type="stmt" count="1"/>
      <line num="22" type="stmt" count="1"/>
      <line num="23" type="stmt" count="1"/>
      <line num="24" type="stmt" count="1"/>
      <line num="25" type="stmt" count="1"/>
      <line num="26" type="stmt" count="1"/>
      <line num="27" type="stmt" count="1"/>
      <metrics loc="30" ncloc="30" classes="1" methods="1" coveredmethods="1" conditionals="0" coveredconditionals="0" statements="8" coveredstatements="8" elements="9" coveredelements="9"/>
    </file>
    <file name="E:\PROYECTOS\MAESTRIA\koel\app\Http\Controllers\API\FetchRandomSongsInGenreController.php">
      <class name="App\Http\Controllers\API\FetchRandomSongsInGenreController" namespace="global">
        <metrics complexity="1" methods="1" coveredmethods="1" conditionals="0" coveredconditionals="0" statements="1" coveredstatements="1" elements="2" coveredelements="2"/>
      </class>
      <line num="15" type="method" name="__invoke" visibility="public" complexity="1" crap="1" count="1"/>
      <line num="20" type="stmt" count="1"/>
      <metrics loc="23" ncloc="22" classes="1" methods="1" coveredmethods="1" conditionals="0" coveredconditionals="0" statements="1" coveredstatements="1" elements="2" coveredelements="2"/>
    </file>
    <file name="E:\PROYECTOS\MAESTRIA\koel\app\Http\Controllers\API\FetchRecentlyPlayedSongController.php">
      <class name="App\Http\Controllers\API\FetchRecentlyPlayedSongController" namespace="global">
        <metrics complexity="1" methods="1" coveredmethods="1" conditionals="0" coveredconditionals="0" statements="1" coveredstatements="1" elements="2" coveredelements="2"/>
      </class>
      <line num="16" type="method" name="__invoke" visibility="public" complexity="1" crap="1" count="1"/>
      <line num="18" type="stmt" count="1"/>
      <metrics loc="21" ncloc="20" classes="1" methods="1" coveredmethods="1" conditionals="0" coveredconditionals="0" statements="1" coveredstatements="1" elements="2" coveredelements="2"/>
    </file>
    <file name="E:\PROYECTOS\MAESTRIA\koel\app\Http\Controllers\API\FetchSongsForQueueController.php">
      <class name="App\Http\Controllers\API\FetchSongsForQueueController" namespace="global">
        <metrics complexity="2" methods="1" coveredmethods="1" conditionals="0" coveredconditionals="0" statements="10" coveredstatements="10" elements="11" coveredelements="11"/>
      </class>
      <line num="15" type="method" name="__invoke" visibility="public" complexity="2" crap="2" count="1"/>
      <line num="17" type="stmt" count="1"/>
      <line num="18" type="stmt" count="1"/>
      <line num="19" type="stmt" count="1"/>
      <line num="20" type="stmt" count="1"/>
      <line num="21" type="stmt" count="1"/>
      <line num="22" type="stmt" count="1"/>
      <line num="23" type="stmt" count="1"/>
      <line num="24" type="stmt" count="1"/>
      <line num="25" type="stmt" count="1"/>
      <line num="26" type="stmt" count="1"/>
      <metrics loc="29" ncloc="28" classes="1" methods="1" coveredmethods="1" conditionals="0" coveredconditionals="0" statements="10" coveredstatements="10" elements="11" coveredelements="11"/>
    </file>
    <file name="E:\PROYECTOS\MAESTRIA\koel\app\Http\Controllers\API\FetchSongsInPathController.php">
      <class name="App\Http\Controllers\API\FetchSongsInPathController" namespace="global">
        <metrics complexity="2" methods="1" coveredmethods="0" conditionals="0" coveredconditionals="0" statements="4" coveredstatements="0" elements="5" coveredelements="0"/>
      </class>
      <line num="14" type="method" name="__invoke" visibility="public" complexity="2" crap="6" count="0"/>
      <line num="16" type="stmt" count="0"/>
      <line num="18" type="stmt" count="0"/>
      <line num="19" type="stmt" count="0"/>
      <line num="22" type="stmt" count="0"/>
      <metrics loc="25" ncloc="25" classes="1" methods="1" coveredmethods="0" conditionals="0" coveredconditionals="0" statements="4" coveredstatements="0" elements="5" coveredelements="0"/>
    </file>
    <file name="E:\PROYECTOS\MAESTRIA\koel\app\Http\Controllers\API\FetchSongsUnderPathController.php">
      <class name="App\Http\Controllers\API\FetchSongsUnderPathController" namespace="global">
        <metrics complexity="2" methods="1" coveredmethods="0" conditionals="0" coveredconditionals="0" statements="4" coveredstatements="0" elements="5" coveredelements="0"/>
      </class>
      <line num="15" type="method" name="__invoke" visibility="public" complexity="2" crap="6" count="0"/>
      <line num="20" type="stmt" count="0"/>
      <line num="22" type="stmt" count="0"/>
      <line num="23" type="stmt" count="0"/>
      <line num="26" type="stmt" count="0"/>
      <metrics loc="29" ncloc="29" classes="1" methods="1" coveredmethods="0" conditionals="0" coveredconditionals="0" statements="4" coveredstatements="0" elements="5" coveredelements="0"/>
    </file>
    <file name="E:\PROYECTOS\MAESTRIA\koel\app\Http\Controllers\API\ForgotPasswordController.php">
      <class name="App\Http\Controllers\API\ForgotPasswordController" namespace="global">
        <metrics complexity="2" methods="1" coveredmethods="1" conditionals="0" coveredconditionals="0" statements="3" coveredstatements="3" elements="4" coveredelements="4"/>
      </class>
      <line num="14" type="method" name="__invoke" visibility="public" complexity="2" crap="2" count="2"/>
      <line num="16" type="stmt" count="2"/>
      <line num="17" type="stmt" count="1"/>
      <line num="18" type="stmt" count="2"/>
      <metrics loc="21" ncloc="21" classes="1" methods="1" coveredmethods="1" conditionals="0" coveredconditionals="0" statements="3" coveredstatements="3" elements="4" coveredelements="4"/>
    </file>
    <file name="E:\PROYECTOS\MAESTRIA\koel\app\Http\Controllers\API\GenreController.php">
      <class name="App\Http\Controllers\API\GenreController" namespace="global">
        <metrics complexity="3" methods="3" coveredmethods="3" conditionals="0" coveredconditionals="0" statements="5" coveredstatements="5" elements="8" coveredelements="8"/>
      </class>
      <line num="12" type="method" name="__construct" visibility="public" complexity="1" crap="1" count="3"/>
      <line num="14" type="stmt" count="3"/>
      <line num="16" type="method" name="index" visibility="public" complexity="1" crap="1" count="1"/>
      <line num="18" type="stmt" count="1"/>
      <line num="21" type="method" name="show" visibility="public" complexity="1" crap="1" count="2"/>
      <line num="23" type="stmt" count="2"/>
      <line num="24" type="stmt" count="2"/>
      <line num="26" type="stmt" count="1"/>
      <metrics loc="29" ncloc="29" classes="1" methods="3" coveredmethods="3" conditionals="0" coveredconditionals="0" statements="5" coveredstatements="5" elements="8" coveredelements="8"/>
    </file>
    <file name="E:\PROYECTOS\MAESTRIA\koel\app\Http\Controllers\API\GenreSongController.php">
      <class name="App\Http\Controllers\API\GenreSongController" namespace="global">
        <metrics complexity="4" methods="1" coveredmethods="1" conditionals="0" coveredconditionals="0" statements="8" coveredstatements="8" elements="9" coveredelements="9"/>
      </class>
      <line num="18" type="method" name="__invoke" visibility="public" complexity="4" crap="4" count="1"/>
      <line num="24" type="stmt" count="1"/>
      <line num="25" type="stmt" count="1"/>
      <line num="26" type="stmt" count="1"/>
      <line num="27" type="stmt" count="1"/>
      <line num="28" type="stmt" count="1"/>
      <line num="29" type="stmt" count="1"/>
      <line num="30" type="stmt" count="1"/>
      <line num="31" type="stmt" count="1"/>
      <metrics loc="34" ncloc="31" classes="1" methods="1" coveredmethods="1" conditionals="0" coveredconditionals="0" statements="8" coveredstatements="8" elements="9" coveredelements="9"/>
    </file>
    <file name="E:\PROYECTOS\MAESTRIA\koel\app\Http\Controllers\API\GetOneTimeTokenController.php">
      <class name="App\Http\Controllers\API\GetOneTimeTokenController" namespace="global">
        <metrics complexity="1" methods="1" coveredmethods="0" conditionals="0" coveredconditionals="0" statements="1" coveredstatements="0" elements="2" coveredelements="0"/>
      </class>
      <line num="13" type="method" name="__invoke" visibility="public" complexity="1" crap="2" count="0"/>
      <line num="15" type="stmt" count="0"/>
      <metrics loc="18" ncloc="17" classes="1" methods="1" coveredmethods="0" conditionals="0" coveredconditionals="0" statements="1" coveredstatements="0" elements="2" coveredelements="0"/>
    </file>
    <file name="E:\PROYECTOS\MAESTRIA\koel\app\Http\Controllers\API\LambdaSongController.php">
      <class name="App\Http\Controllers\API\LambdaSongController" namespace="global">
        <metrics complexity="4" methods="3" coveredmethods="2" conditionals="0" coveredconditionals="0" statements="19" coveredstatements="17" elements="22" coveredelements="19"/>
      </class>
      <line num="15" type="method" name="__construct" visibility="public" complexity="1" crap="1" count="2"/>
      <line num="17" type="stmt" count="2"/>
      <line num="19" type="method" name="put" visibility="public" complexity="1" crap="1" count="1"/>
      <line num="21" type="stmt" count="1"/>
      <line num="23" type="stmt" count="1"/>
      <line num="24" type="stmt" count="1"/>
      <line num="25" type="stmt" count="1"/>
      <line num="26" type="stmt" count="1"/>
      <line num="27" type="stmt" count="1"/>
      <line num="28" type="stmt" count="1"/>
      <line num="29" type="stmt" count="1"/>
      <line num="30" type="stmt" count="1"/>
      <line num="31" type="stmt" count="1"/>
      <line num="32" type="stmt" count="1"/>
      <line num="33" type="stmt" count="1"/>
      <line num="34" type="stmt" count="1"/>
      <line num="36" type="stmt" count="1"/>
      <line num="39" type="method" name="remove" visibility="public" complexity="2" crap="2.50" count="1"/>
      <line num="42" type="stmt" count="1"/>
      <line num="43" type="stmt" count="0"/>
      <line num="44" type="stmt" count="0"/>
      <line num="47" type="stmt" count="1"/>
      <metrics loc="50" ncloc="50" classes="1" methods="3" coveredmethods="2" conditionals="0" coveredconditionals="0" statements="19" coveredstatements="17" elements="22" coveredelements="19"/>
    </file>
    <file name="E:\PROYECTOS\MAESTRIA\koel\app\Http\Controllers\API\LikeMultipleSongsController.php">
      <class name="App\Http\Controllers\API\LikeMultipleSongsController" namespace="global">
        <metrics complexity="1" methods="1" coveredmethods="1" conditionals="0" coveredconditionals="0" statements="3" coveredstatements="3" elements="4" coveredelements="4"/>
      </class>
      <line num="16" type="method" name="__invoke" visibility="public" complexity="1" crap="1" count="2"/>
      <line num="22" type="stmt" count="2"/>
      <line num="23" type="stmt" count="2"/>
      <line num="25" type="stmt" count="2"/>
      <metrics loc="28" ncloc="26" classes="1" methods="1" coveredmethods="1" conditionals="0" coveredconditionals="0" statements="3" coveredstatements="3" elements="4" coveredelements="4"/>
    </file>
    <file name="E:\PROYECTOS\MAESTRIA\koel\app\Http\Controllers\API\MovePlaylistSongsController.php">
      <class name="App\Http\Controllers\API\MovePlaylistSongsController" namespace="global">
        <metrics complexity="1" methods="1" coveredmethods="0" conditionals="0" coveredconditionals="0" statements="3" coveredstatements="0" elements="4" coveredelements="0"/>
      </class>
      <line num="12" type="method" name="__invoke" visibility="public" complexity="1" crap="2" count="0"/>
      <line num="14" type="stmt" count="0"/>
      <line num="16" type="stmt" count="0"/>
      <line num="18" type="stmt" count="0"/>
      <metrics loc="21" ncloc="21" classes="1" methods="1" coveredmethods="0" conditionals="0" coveredconditionals="0" statements="3" coveredstatements="0" elements="4" coveredelements="0"/>
    </file>
    <file name="E:\PROYECTOS\MAESTRIA\koel\app\Http\Controllers\API\PlaylistCollaboration\AcceptPlaylistCollaborationInviteController.php">
      <class name="App\Http\Controllers\API\PlaylistCollaboration\AcceptPlaylistCollaborationInviteController" namespace="global">
        <metrics complexity="1" methods="1" coveredmethods="1" conditionals="0" coveredconditionals="0" statements="2" coveredstatements="2" elements="3" coveredelements="3"/>
      </class>
      <line num="16" type="method" name="__invoke" visibility="public" complexity="1" crap="1" count="1"/>
      <line num="18" type="stmt" count="1"/>
      <line num="20" type="stmt" count="1"/>
      <metrics loc="23" ncloc="22" classes="1" methods="1" coveredmethods="1" conditionals="0" coveredconditionals="0" statements="2" coveredstatements="2" elements="3" coveredelements="3"/>
    </file>
    <file name="E:\PROYECTOS\MAESTRIA\koel\app\Http\Controllers\API\PlaylistCollaboration\CreatePlaylistCollaborationTokenController.php">
      <class name="App\Http\Controllers\API\PlaylistCollaboration\CreatePlaylistCollaborationTokenController" namespace="global">
        <metrics complexity="1" methods="1" coveredmethods="1" conditionals="0" coveredconditionals="0" statements="2" coveredstatements="2" elements="3" coveredelements="3"/>
      </class>
      <line num="15" type="method" name="__invoke" visibility="public" complexity="1" crap="1" count="1"/>
      <line num="20" type="stmt" count="1"/>
      <line num="22" type="stmt" count="1"/>
      <metrics loc="25" ncloc="25" classes="1" methods="1" coveredmethods="1" conditionals="0" coveredconditionals="0" statements="2" coveredstatements="2" elements="3" coveredelements="3"/>
    </file>
    <file name="E:\PROYECTOS\MAESTRIA\koel\app\Http\Controllers\API\PlaylistCollaboration\PlaylistCollaboratorController.php">
      <class name="App\Http\Controllers\API\PlaylistCollaboration\PlaylistCollaboratorController" namespace="global">
        <metrics complexity="5" methods="3" coveredmethods="0" conditionals="0" coveredconditionals="0" statements="11" coveredstatements="0" elements="14" coveredelements="0"/>
      </class>
      <line num="18" type="method" name="__construct" visibility="public" complexity="1" crap="2" count="0"/>
      <line num="22" type="stmt" count="0"/>
      <line num="24" type="method" name="index" visibility="public" complexity="1" crap="2" count="0"/>
      <line num="26" type="stmt" count="0"/>
      <line num="28" type="stmt" count="0"/>
      <line num="31" type="method" name="destroy" visibility="public" complexity="3" crap="12" count="0"/>
      <line num="33" type="stmt" count="0"/>
      <line num="35" type="stmt" count="0"/>
      <line num="38" type="stmt" count="0"/>
      <line num="40" type="stmt" count="0"/>
      <line num="41" type="stmt" count="0"/>
      <line num="42" type="stmt" count="0"/>
      <line num="43" type="stmt" count="0"/>
      <line num="44" type="stmt" count="0"/>
      <metrics loc="48" ncloc="48" classes="1" methods="3" coveredmethods="0" conditionals="0" coveredconditionals="0" statements="11" coveredstatements="0" elements="14" coveredelements="0"/>
    </file>
    <file name="E:\PROYECTOS\MAESTRIA\koel\app\Http\Controllers\API\PlaylistController.php">
      <class name="App\Http\Controllers\API\PlaylistController" namespace="global">
        <metrics complexity="14" methods="5" coveredmethods="3" conditionals="0" coveredconditionals="0" statements="34" coveredstatements="30" elements="39" coveredelements="33"/>
      </class>
      <line num="24" type="method" name="__construct" visibility="public" complexity="1" crap="1" count="12"/>
      <line num="30" type="stmt" count="12"/>
      <line num="32" type="method" name="index" visibility="public" complexity="1" crap="1" count="1"/>
      <line num="34" type="stmt" count="1"/>
      <line num="37" type="method" name="store" visibility="public" complexity="6" crap="6.09" count="4"/>
      <line num="39" type="stmt" count="4"/>
      <line num="41" type="stmt" count="4"/>
      <line num="42" type="stmt" count="0"/>
      <line num="43" type="stmt" count="0"/>
      <line num="47" type="stmt" count="4"/>
      <line num="48" type="stmt" count="4"/>
      <line num="49" type="stmt" count="4"/>
      <line num="50" type="stmt" count="4"/>
      <line num="51" type="stmt" count="4"/>
      <line num="52" type="stmt" count="4"/>
      <line num="53" type="stmt" count="4"/>
      <line num="54" type="stmt" count="4"/>
      <line num="56" type="stmt" count="3"/>
      <line num="57" type="stmt" count="1"/>
      <line num="58" type="stmt" count="1"/>
      <line num="62" type="method" name="update" visibility="public" complexity="5" crap="5.07" count="4"/>
      <line num="64" type="stmt" count="4"/>
      <line num="66" type="stmt" count="2"/>
      <line num="68" type="stmt" count="2"/>
      <line num="69" type="stmt" count="0"/>
      <line num="70" type="stmt" count="0"/>
      <line num="73" type="stmt" count="2"/>
      <line num="74" type="stmt" count="2"/>
      <line num="75" type="stmt" count="2"/>
      <line num="76" type="stmt" count="2"/>
      <line num="77" type="stmt" count="2"/>
      <line num="78" type="stmt" count="2"/>
      <line num="79" type="stmt" count="2"/>
      <line num="80" type="stmt" count="2"/>
      <line num="81" type="stmt" count="2"/>
      <line num="84" type="method" name="destroy" visibility="public" complexity="1" crap="1" count="2"/>
      <line num="86" type="stmt" count="2"/>
      <line num="88" type="stmt" count="1"/>
      <line num="90" type="stmt" count="1"/>
      <metrics loc="93" ncloc="92" classes="1" methods="5" coveredmethods="3" conditionals="0" coveredconditionals="0" statements="34" coveredstatements="30" elements="39" coveredelements="33"/>
    </file>
    <file name="E:\PROYECTOS\MAESTRIA\koel\app\Http\Controllers\API\PlaylistCoverController.php">
      <class name="App\Http\Controllers\API\PlaylistCoverController" namespace="global">
        <metrics complexity="3" methods="3" coveredmethods="3" conditionals="0" coveredconditionals="0" statements="7" coveredstatements="7" elements="10" coveredelements="10"/>
      </class>
      <line num="12" type="method" name="__construct" visibility="public" complexity="1" crap="1" count="6"/>
      <line num="14" type="stmt" count="6"/>
      <line num="16" type="method" name="update" visibility="public" complexity="1" crap="1" count="3"/>
      <line num="18" type="stmt" count="3"/>
      <line num="19" type="stmt" count="1"/>
      <line num="21" type="stmt" count="1"/>
      <line num="24" type="method" name="destroy" visibility="public" complexity="1" crap="1" count="3"/>
      <line num="26" type="stmt" count="3"/>
      <line num="27" type="stmt" count="1"/>
      <line num="29" type="stmt" count="1"/>
      <metrics loc="32" ncloc="32" classes="1" methods="3" coveredmethods="3" conditionals="0" coveredconditionals="0" statements="7" coveredstatements="7" elements="10" coveredelements="10"/>
    </file>
    <file name="E:\PROYECTOS\MAESTRIA\koel\app\Http\Controllers\API\PlaylistFolderController.php">
      <class name="App\Http\Controllers\API\PlaylistFolderController" namespace="global">
        <metrics complexity="5" methods="5" coveredmethods="5" conditionals="0" coveredconditionals="0" statements="8" coveredstatements="8" elements="13" coveredelements="13"/>
      </class>
      <line num="17" type="method" name="__construct" visibility="public" complexity="1" crap="1" count="6"/>
      <line num="21" type="stmt" count="6"/>
      <line num="23" type="method" name="index" visibility="public" complexity="1" crap="1" count="1"/>
      <line num="25" type="stmt" count="1"/>
      <line num="28" type="method" name="store" visibility="public" complexity="1" crap="1" count="1"/>
      <line num="30" type="stmt" count="1"/>
      <line num="33" type="method" name="update" visibility="public" complexity="1" crap="1" count="2"/>
      <line num="35" type="stmt" count="2"/>
      <line num="37" type="stmt" count="1"/>
      <line num="40" type="method" name="destroy" visibility="public" complexity="1" crap="1" count="2"/>
      <line num="42" type="stmt" count="2"/>
      <line num="44" type="stmt" count="1"/>
      <line num="46" type="stmt" count="1"/>
      <metrics loc="49" ncloc="48" classes="1" methods="5" coveredmethods="5" conditionals="0" coveredconditionals="0" statements="8" coveredstatements="8" elements="13" coveredelements="13"/>
    </file>
    <file name="E:\PROYECTOS\MAESTRIA\koel\app\Http\Controllers\API\PlaylistFolderPlaylistController.php">
      <class name="App\Http\Controllers\API\PlaylistFolderPlaylistController" namespace="global">
        <metrics complexity="3" methods="3" coveredmethods="3" conditionals="0" coveredconditionals="0" statements="7" coveredstatements="7" elements="10" coveredelements="10"/>
      </class>
      <line num="14" type="method" name="__construct" visibility="public" complexity="1" crap="1" count="6"/>
      <line num="16" type="stmt" count="6"/>
      <line num="18" type="method" name="store" visibility="public" complexity="1" crap="1" count="2"/>
      <line num="20" type="stmt" count="2"/>
      <line num="22" type="stmt" count="2"/>
      <line num="24" type="stmt" count="2"/>
      <line num="27" type="method" name="destroy" visibility="public" complexity="1" crap="1" count="2"/>
      <line num="29" type="stmt" count="2"/>
      <line num="31" type="stmt" count="2"/>
      <line num="33" type="stmt" count="2"/>
      <metrics loc="36" ncloc="36" classes="1" methods="3" coveredmethods="3" conditionals="0" coveredconditionals="0" statements="7" coveredstatements="7" elements="10" coveredelements="10"/>
    </file>
    <file name="E:\PROYECTOS\MAESTRIA\koel\app\Http\Controllers\API\PlaylistSongController.php">
      <class name="App\Http\Controllers\API\PlaylistSongController" namespace="global">
        <metrics complexity="7" methods="5" coveredmethods="5" conditionals="0" coveredconditionals="0" statements="19" coveredstatements="19" elements="24" coveredelements="24"/>
      </class>
      <line num="24" type="method" name="__construct" visibility="public" complexity="1" crap="1" count="11"/>
      <line num="30" type="stmt" count="11"/>
      <line num="32" type="method" name="index" visibility="public" complexity="2" crap="2" count="5"/>
      <line num="34" type="stmt" count="5"/>
      <line num="35" type="stmt" count="1"/>
      <line num="36" type="stmt" count="1"/>
      <line num="39" type="stmt" count="4"/>
      <line num="41" type="stmt" count="3"/>
      <line num="44" type="method" name="store" visibility="public" complexity="1" crap="1" count="4"/>
      <line num="46" type="stmt" count="4"/>
      <line num="48" type="stmt" count="3"/>
      <line num="50" type="stmt" count="2"/>
      <line num="52" type="stmt" count="2"/>
      <line num="53" type="stmt" count="2"/>
      <line num="54" type="stmt" count="2"/>
      <line num="57" type="method" name="createResourceCollection" visibility="private" complexity="2" crap="2" count="5"/>
      <line num="59" type="stmt" count="5"/>
      <line num="60" type="stmt" count="3"/>
      <line num="61" type="stmt" count="5"/>
      <line num="64" type="method" name="destroy" visibility="public" complexity="1" crap="1" count="4"/>
      <line num="66" type="stmt" count="4"/>
      <line num="68" type="stmt" count="3"/>
      <line num="69" type="stmt" count="2"/>
      <line num="71" type="stmt" count="2"/>
      <metrics loc="74" ncloc="73" classes="1" methods="5" coveredmethods="5" conditionals="0" coveredconditionals="0" statements="19" coveredstatements="19" elements="24" coveredelements="24"/>
    </file>
    <file name="E:\PROYECTOS\MAESTRIA\koel\app\Http\Controllers\API\Podcast\FetchEpisodeController.php">
      <class name="App\Http\Controllers\API\Podcast\FetchEpisodeController" namespace="global">
        <metrics complexity="1" methods="1" coveredmethods="0" conditionals="0" coveredconditionals="0" statements="2" coveredstatements="0" elements="3" coveredelements="0"/>
      </class>
      <line num="11" type="method" name="__invoke" visibility="public" complexity="1" crap="2" count="0"/>
      <line num="13" type="stmt" count="0"/>
      <line num="15" type="stmt" count="0"/>
      <metrics loc="18" ncloc="18" classes="1" methods="1" coveredmethods="0" conditionals="0" coveredconditionals="0" statements="2" coveredstatements="0" elements="3" coveredelements="0"/>
    </file>
    <file name="E:\PROYECTOS\MAESTRIA\koel\app\Http\Controllers\API\Podcast\PodcastController.php">
      <class name="App\Http\Controllers\API\Podcast\PodcastController" namespace="global">
        <metrics complexity="5" methods="4" coveredmethods="0" conditionals="0" coveredconditionals="0" statements="7" coveredstatements="0" elements="11" coveredelements="0"/>
      </class>
      <line num="21" type="method" name="__construct" visibility="public" complexity="1" crap="2" count="0"/>
      <line num="26" type="stmt" count="0"/>
      <line num="28" type="method" name="index" visibility="public" complexity="1" crap="2" count="0"/>
      <line num="30" type="stmt" count="0"/>
      <line num="33" type="method" name="store" visibility="public" complexity="2" crap="6" count="0"/>
      <line num="37" type="stmt" count="0"/>
      <line num="38" type="stmt" count="0"/>
      <line num="39" type="stmt" count="0"/>
      <line num="43" type="method" name="show" visibility="public" complexity="1" crap="2" count="0"/>
      <line num="45" type="stmt" count="0"/>
      <line num="47" type="stmt" count="0"/>
      <metrics loc="50" ncloc="49" classes="1" methods="4" coveredmethods="0" conditionals="0" coveredconditionals="0" statements="7" coveredstatements="0" elements="11" coveredelements="0"/>
    </file>
    <file name="E:\PROYECTOS\MAESTRIA\koel\app\Http\Controllers\API\Podcast\PodcastEpisodeController.php">
      <class name="App\Http\Controllers\API\Podcast\PodcastEpisodeController" namespace="global">
        <metrics complexity="3" methods="2" coveredmethods="0" conditionals="0" coveredconditionals="0" statements="4" coveredstatements="0" elements="6" coveredelements="0"/>
      </class>
      <line num="13" type="method" name="__construct" visibility="public" complexity="1" crap="2" count="0"/>
      <line num="17" type="stmt" count="0"/>
      <line num="19" type="method" name="index" visibility="public" complexity="2" crap="6" count="0"/>
      <line num="21" type="stmt" count="0"/>
      <line num="22" type="stmt" count="0"/>
      <line num="25" type="stmt" count="0"/>
      <metrics loc="28" ncloc="28" classes="1" methods="2" coveredmethods="0" conditionals="0" coveredconditionals="0" statements="4" coveredstatements="0" elements="6" coveredelements="0"/>
    </file>
    <file name="E:\PROYECTOS\MAESTRIA\koel\app\Http\Controllers\API\Podcast\UnsubscribeFromPodcastController.php">
      <class name="App\Http\Controllers\API\Podcast\UnsubscribeFromPodcastController" namespace="global">
        <metrics complexity="1" methods="1" coveredmethods="0" conditionals="0" coveredconditionals="0" statements="3" coveredstatements="0" elements="4" coveredelements="0"/>
      </class>
      <line num="15" type="method" name="__invoke" visibility="public" complexity="1" crap="2" count="0"/>
      <line num="17" type="stmt" count="0"/>
      <line num="19" type="stmt" count="0"/>
      <line num="21" type="stmt" count="0"/>
      <metrics loc="24" ncloc="23" classes="1" methods="1" coveredmethods="0" conditionals="0" coveredconditionals="0" statements="3" coveredstatements="0" elements="4" coveredelements="0"/>
    </file>
    <file name="E:\PROYECTOS\MAESTRIA\koel\app\Http\Controllers\API\PrivatizeSongsController.php">
      <class name="App\Http\Controllers\API\PrivatizeSongsController" namespace="global">
        <metrics complexity="1" methods="1" coveredmethods="1" conditionals="0" coveredconditionals="0" statements="3" coveredstatements="3" elements="4" coveredelements="4"/>
      </class>
      <line num="17" type="method" name="__invoke" visibility="public" complexity="1" crap="1" count="3"/>
      <line num="19" type="stmt" count="3"/>
      <line num="20" type="stmt" count="3"/>
      <line num="22" type="stmt" count="2"/>
      <metrics loc="25" ncloc="24" classes="1" methods="1" coveredmethods="1" conditionals="0" coveredconditionals="0" statements="3" coveredstatements="3" elements="4" coveredelements="4"/>
    </file>
    <file name="E:\PROYECTOS\MAESTRIA\koel\app\Http\Controllers\API\ProfileController.php">
      <class name="App\Http\Controllers\API\ProfileController" namespace="global">
        <metrics complexity="7" methods="3" coveredmethods="2" conditionals="0" coveredconditionals="0" statements="20" coveredstatements="19" elements="23" coveredelements="21"/>
      </class>
      <line num="21" type="method" name="__construct" visibility="public" complexity="1" crap="1" count="7"/>
      <line num="27" type="stmt" count="7"/>
      <line num="29" type="method" name="show" visibility="public" complexity="1" crap="2" count="0"/>
      <line num="31" type="stmt" count="0"/>
      <line num="34" type="method" name="update" visibility="public" complexity="5" crap="5" count="6"/>
      <line num="38" type="stmt" count="6"/>
      <line num="39" type="stmt" count="6"/>
      <line num="40" type="stmt" count="6"/>
      <line num="41" type="stmt" count="6"/>
      <line num="43" type="stmt" count="5"/>
      <line num="44" type="stmt" count="5"/>
      <line num="45" type="stmt" count="5"/>
      <line num="46" type="stmt" count="5"/>
      <line num="47" type="stmt" count="5"/>
      <line num="48" type="stmt" count="5"/>
[...]
      <line num="45" type="stmt" count="0"/>
      <line num="48" type="stmt" count="20"/>
      <line num="50" type="stmt" count="20"/>
      <line num="51" type="stmt" count="20"/>
      <line num="54" type="stmt" count="20"/>
      <line num="55" type="stmt" count="20"/>
      <line num="56" type="stmt" count="20"/>
      <line num="57" type="stmt" count="20"/>
      <line num="58" type="stmt" count="20"/>
      <line num="60" type="stmt" count="20"/>
      <line num="61" type="stmt" count="20"/>
      <line num="62" type="stmt" count="20"/>
      <line num="63" type="stmt" count="20"/>
      <line num="64" type="stmt" count="20"/>
      <line num="65" type="stmt" count="20"/>
      <line num="66" type="stmt" count="20"/>
      <line num="67" type="stmt" count="20"/>
      <line num="68" type="stmt" count="20"/>
      <line num="69" type="stmt" count="20"/>
      <line num="70" type="stmt" count="20"/>
      <line num="71" type="stmt" count="20"/>
      <line num="72" type="stmt" count="20"/>
      <line num="73" type="stmt" count="20"/>
      <line num="74" type="stmt" count="20"/>
      <line num="77" type="method" name="getTag" visibility="private" complexity="3" crap="3" count="20"/>
      <line num="79" type="stmt" count="20"/>
      <line num="80" type="stmt" count="20"/>
      <line num="82" type="stmt" count="20"/>
      <line num="83" type="stmt" count="17"/>
      <line num="87" type="stmt" count="20"/>
      <line num="91" type="method" name="toArray" visibility="public" complexity="1" crap="1" count="16"/>
      <line num="93" type="stmt" count="16"/>
      <line num="94" type="stmt" count="16"/>
      <line num="95" type="stmt" count="16"/>
      <line num="96" type="stmt" count="16"/>
      <line num="97" type="stmt" count="16"/>
      <line num="98" type="stmt" count="16"/>
      <line num="99" type="stmt" count="16"/>
      <line num="100" type="stmt" count="16"/>
      <line num="101" type="stmt" count="16"/>
      <line num="102" type="stmt" count="16"/>
      <line num="103" type="stmt" count="16"/>
      <line num="104" type="stmt" count="16"/>
      <line num="105" type="stmt" count="16"/>
      <line num="106" type="stmt" count="16"/>
      <line num="107" type="stmt" count="16"/>
      <metrics loc="110" ncloc="106" classes="1" methods="4" coveredmethods="3" conditionals="0" coveredconditionals="0" statements="53" coveredstatements="52" elements="57" coveredelements="55"/>
    </file>
    <file name="E:\PROYECTOS\MAESTRIA\koel\app\Values\SongStorageMetadata\DropboxMetadata.php">
      <class name="App\Values\SongStorageMetadata\DropboxMetadata" namespace="global">
        <metrics complexity="3" methods="3" coveredmethods="0" conditionals="0" coveredconditionals="0" statements="3" coveredstatements="0" elements="6" coveredelements="0"/>
      </class>
      <line num="7" type="method" name="__construct" visibility="private" complexity="1" crap="2" count="0"/>
      <line num="9" type="stmt" count="0"/>
      <line num="11" type="method" name="make" visibility="public" complexity="1" crap="2" count="0"/>
      <line num="13" type="stmt" count="0"/>
      <line num="16" type="method" name="getPath" visibility="public" complexity="1" crap="2" count="0"/>
      <line num="18" type="stmt" count="0"/>
      <metrics loc="21" ncloc="21" classes="1" methods="3" coveredmethods="0" conditionals="0" coveredconditionals="0" statements="3" coveredstatements="0" elements="6" coveredelements="0"/>
    </file>
    <file name="E:\PROYECTOS\MAESTRIA\koel\app\Values\SongStorageMetadata\LocalMetadata.php">
      <class name="App\Values\SongStorageMetadata\LocalMetadata" namespace="global">
        <metrics complexity="3" methods="3" coveredmethods="3" conditionals="0" coveredconditionals="0" statements="3" coveredstatements="3" elements="6" coveredelements="6"/>
      </class>
      <line num="7" type="method" name="__construct" visibility="private" complexity="1" crap="1" count="12"/>
      <line num="9" type="stmt" count="12"/>
      <line num="11" type="method" name="make" visibility="public" complexity="1" crap="1" count="12"/>
      <line num="13" type="stmt" count="12"/>
      <line num="16" type="method" name="getPath" visibility="public" complexity="1" crap="1" count="12"/>
      <line num="18" type="stmt" count="12"/>
      <metrics loc="21" ncloc="21" classes="1" methods="3" coveredmethods="3" conditionals="0" coveredconditionals="0" statements="3" coveredstatements="3" elements="6" coveredelements="6"/>
    </file>
    <file name="E:\PROYECTOS\MAESTRIA\koel\app\Values\SongStorageMetadata\S3CompatibleMetadata.php">
      <class name="App\Values\SongStorageMetadata\S3CompatibleMetadata" namespace="global">
        <metrics complexity="3" methods="3" coveredmethods="0" conditionals="0" coveredconditionals="0" statements="3" coveredstatements="0" elements="6" coveredelements="0"/>
      </class>
      <line num="7" type="method" name="__construct" visibility="private" complexity="1" crap="2" count="0"/>
      <line num="9" type="stmt" count="0"/>
      <line num="11" type="method" name="make" visibility="public" complexity="1" crap="2" count="0"/>
      <line num="13" type="stmt" count="0"/>
      <line num="16" type="method" name="getPath" visibility="public" complexity="1" crap="2" count="0"/>
      <line num="18" type="stmt" count="0"/>
      <metrics loc="21" ncloc="21" classes="1" methods="3" coveredmethods="0" conditionals="0" coveredconditionals="0" statements="3" coveredstatements="0" elements="6" coveredelements="0"/>
    </file>
    <file name="E:\PROYECTOS\MAESTRIA\koel\app\Values\SongStorageMetadata\S3LambdaMetadata.php">
      <class name="App\Values\SongStorageMetadata\S3LambdaMetadata" namespace="global">
        <metrics complexity="0" methods="0" coveredmethods="0" conditionals="0" coveredconditionals="0" statements="0" coveredstatements="0" elements="0" coveredelements="0"/>
      </class>
      <metrics loc="8" ncloc="8" classes="0" methods="0" coveredmethods="0" conditionals="0" coveredconditionals="0" statements="0" coveredstatements="0" elements="0" coveredelements="0"/>
    </file>
    <file name="E:\PROYECTOS\MAESTRIA\koel\app\Values\SongStorageMetadata\SftpMetadata.php">
      <class name="App\Values\SongStorageMetadata\SftpMetadata" namespace="global">
        <metrics complexity="3" methods="3" coveredmethods="0" conditionals="0" coveredconditionals="0" statements="3" coveredstatements="0" elements="6" coveredelements="0"/>
      </class>
      <line num="7" type="method" name="__construct" visibility="private" complexity="1" crap="2" count="0"/>
      <line num="9" type="stmt" count="0"/>
      <line num="11" type="method" name="make" visibility="public" complexity="1" crap="2" count="0"/>
      <line num="13" type="stmt" count="0"/>
      <line num="16" type="method" name="getPath" visibility="public" complexity="1" crap="2" count="0"/>
      <line num="18" type="stmt" count="0"/>
      <metrics loc="21" ncloc="21" classes="1" methods="3" coveredmethods="0" conditionals="0" coveredconditionals="0" statements="3" coveredstatements="0" elements="6" coveredelements="0"/>
    </file>
    <file name="E:\PROYECTOS\MAESTRIA\koel\app\Values\SongStorageMetadata\SongStorageMetadata.php">
      <class name="App\Values\SongStorageMetadata\SongStorageMetadata" namespace="global">
        <metrics complexity="0" methods="0" coveredmethods="0" conditionals="0" coveredconditionals="0" statements="0" coveredstatements="0" elements="0" coveredelements="0"/>
      </class>
      <metrics loc="9" ncloc="9" classes="0" methods="0" coveredmethods="0" conditionals="0" coveredconditionals="0" statements="0" coveredstatements="0" elements="0" coveredelements="0"/>
    </file>
    <file name="E:\PROYECTOS\MAESTRIA\koel\app\Values\SongUpdateData.php">
      <class name="App\Values\SongUpdateData" namespace="global">
        <metrics complexity="5" methods="4" coveredmethods="3" conditionals="0" coveredconditionals="0" statements="34" coveredstatements="23" elements="38" coveredelements="26"/>
      </class>
      <line num="10" type="method" name="__construct" visibility="private" complexity="2" crap="2" count="10"/>
      <line num="21" type="stmt" count="10"/>
      <line num="24" type="method" name="fromRequest" visibility="public" complexity="1" crap="1" count="7"/>
      <line num="26" type="stmt" count="7"/>
      <line num="27" type="stmt" count="7"/>
      <line num="28" type="stmt" count="7"/>
      <line num="29" type="stmt" count="7"/>
      <line num="30" type="stmt" count="7"/>
      <line num="31" type="stmt" count="7"/>
      <line num="32" type="stmt" count="7"/>
      <line num="33" type="stmt" count="7"/>
      <line num="34" type="stmt" count="7"/>
      <line num="35" type="stmt" count="7"/>
      <line num="36" type="stmt" count="7"/>
      <line num="39" type="method" name="make" visibility="public" complexity="1" crap="1" count="3"/>
      <line num="50" type="stmt" count="3"/>
      <line num="51" type="stmt" count="3"/>
      <line num="52" type="stmt" count="3"/>
      <line num="53" type="stmt" count="3"/>
      <line num="54" type="stmt" count="3"/>
      <line num="55" type="stmt" count="3"/>
      <line num="56" type="stmt" count="3"/>
      <line num="57" type="stmt" count="3"/>
      <line num="58" type="stmt" count="3"/>
      <line num="59" type="stmt" count="3"/>
      <line num="60" type="stmt" count="3"/>
      <line num="64" type="method" name="toArray" visibility="public" complexity="1" crap="2" count="0"/>
      <line num="66" type="stmt" count="0"/>
      <line num="67" type="stmt" count="0"/>
      <line num="68" type="stmt" count="0"/>
      <line num="69" type="stmt" count="0"/>
      <line num="70" type="stmt" count="0"/>
      <line num="71" type="stmt" count="0"/>
      <line num="72" type="stmt" count="0"/>
      <line num="73" type="stmt" count="0"/>
      <line num="74" type="stmt" count="0"/>
      <line num="75" type="stmt" count="0"/>
      <line num="76" type="stmt" count="0"/>
      <metrics loc="79" ncloc="78" classes="1" methods="4" coveredmethods="3" conditionals="0" coveredconditionals="0" statements="34" coveredstatements="23" elements="38" coveredelements="26"/>
    </file>
    <file name="E:\PROYECTOS\MAESTRIA\koel\app\Values\TranscodeResult.php">
      <class name="App\Values\TranscodeResult" namespace="global">
        <metrics complexity="6" methods="4" coveredmethods="4" conditionals="0" coveredconditionals="0" statements="23" coveredstatements="23" elements="27" coveredelements="27"/>
      </class>
      <line num="12" type="method" name="__construct" visibility="public" complexity="1" crap="1" count="1"/>
      <line num="14" type="stmt" count="1"/>
      <line num="16" type="method" name="getForSong" visibility="public" complexity="2" crap="2" count="1"/>
      <line num="19" type="stmt" count="1"/>
      <line num="21" type="stmt" count="1"/>
      <line num="24" type="method" name="createForSong" visibility="private" complexity="1" crap="1" count="1"/>
      <line num="26" type="stmt" count="1"/>
      <line num="28" type="stmt" count="1"/>
      <line num="29" type="stmt" count="1"/>
      <line num="31" type="stmt" count="1"/>
      <line num="33" type="stmt" count="1"/>
      <line num="34" type="stmt" count="1"/>
      <line num="35" type="stmt" count="1"/>
      <line num="36" type="stmt" count="1"/>
      <line num="37" type="stmt" count="1"/>
      <line num="38" type="stmt" count="1"/>
      <line num="39" type="stmt" count="1"/>
      <line num="40" type="stmt" count="1"/>
      <line num="41" type="stmt" count="1"/>
      <line num="42" type="stmt" count="1"/>
      <line num="43" type="stmt" count="1"/>
      <line num="44" type="stmt" count="1"/>
      <line num="46" type="stmt" count="1"/>
      <line num="47" type="stmt" count="1"/>
      <line num="49" type="stmt" count="1"/>
      <line num="52" type="method" name="valid" visibility="private" complexity="2" crap="2" count="1"/>
      <line num="54" type="stmt" count="1"/>
      <metrics loc="57" ncloc="54" classes="1" methods="4" coveredmethods="4" conditionals="0" coveredconditionals="0" statements="23" coveredstatements="23" elements="27" coveredelements="27"/>
    </file>
    <file name="E:\PROYECTOS\MAESTRIA\koel\app\Values\UserPreferences.php">
      <class name="App\Values\UserPreferences" namespace="global">
        <metrics complexity="9" methods="7" coveredmethods="3" conditionals="0" coveredconditionals="0" statements="66" coveredstatements="52" elements="73" coveredelements="55"/>
      </class>
      <line num="47" type="method" name="__construct" visibility="private" complexity="2" crap="2.01" count="34"/>
      <line num="69" type="stmt" count="34"/>
      <line num="70" type="stmt" count="34"/>
      <line num="71" type="stmt" count="34"/>
      <line num="72" type="stmt" count="34"/>
      <line num="73" type="stmt" count="34"/>
      <line num="74" type="stmt" count="34"/>
      <line num="76" type="stmt" count="34"/>
      <line num="77" type="stmt" count="0"/>
      <line num="81" type="method" name="fromArray" visibility="public" complexity="2" crap="2" count="34"/>
      <line num="83" type="stmt" count="34"/>
      <line num="84" type="stmt" count="34"/>
      <line num="85" type="stmt" count="34"/>
      <line num="86" type="stmt" count="34"/>
      <line num="87" type="stmt" count="34"/>
      <line num="88" type="stmt" count="34"/>
      <line num="89" type="stmt" count="34"/>
      <line num="90" type="stmt" count="34"/>
      <line num="91" type="stmt" count="34"/>
      <line num="92" type="stmt" count="34"/>
      <line num="93" type="stmt" count="34"/>
      <line num="94" type="stmt" count="34"/>
      <line num="95" type="stmt" count="34"/>
      <line num="96" type="stmt" count="34"/>
      <line num="97" type="stmt" count="34"/>
      <line num="98" type="stmt" count="34"/>
      <line num="99" type="stmt" count="34"/>
      <line num="100" type="stmt" count="34"/>
      <line num="101" type="stmt" count="34"/>
      <line num="102" type="stmt" count="34"/>
      <line num="103" type="stmt" count="34"/>
      <line num="104" type="stmt" count="34"/>
      <line num="107" type="method" name="customizable" visibility="public" complexity="1" crap="2" count="0"/>
      <line num="109" type="stmt" count="0"/>
      <line num="112" type="method" name="set" visibility="public" complexity="1" crap="2" count="0"/>
      <line num="114" type="stmt" count="0"/>
      <line num="116" type="stmt" count="0"/>
      <line num="118" type="stmt" count="0"/>
      <line num="119" type="stmt" count="0"/>
      <line num="120" type="stmt" count="0"/>
      <line num="121" type="stmt" count="0"/>
      <line num="122" type="stmt" count="0"/>
      <line num="123" type="stmt" count="0"/>
      <line num="125" type="stmt" count="0"/>
      <line num="126" type="stmt" count="0"/>
      <line num="128" type="stmt" count="0"/>
      <line num="131" type="method" name="assertValidKey" visibility="public" complexity="1" crap="2" count="0"/>
      <line num="133" type="stmt" count="0"/>
      <line num="137" type="method" name="toArray" visibility="public" complexity="1" crap="1" count="22"/>
      <line num="139" type="stmt" count="22"/>
      <line num="140" type="stmt" count="22"/>
      <line num="141" type="stmt" count="22"/>
      <line num="142" type="stmt" count="22"/>
      <line num="143" type="stmt" count="22"/>
      <line num="144" type="stmt" count="22"/>
      <line num="145" type="stmt" count="22"/>
      <line num="146" type="stmt" count="22"/>
      <line num="147" type="stmt" count="22"/>
      <line num="148" type="stmt" count="22"/>
      <line num="149" type="stmt" count="22"/>
      <line num="150" type="stmt" count="22"/>
      <line num="151" type="stmt" count="22"/>
      <line num="152" type="stmt" count="22"/>
      <line num="153" type="stmt" count="22"/>
      <line num="154" type="stmt" count="22"/>
      <line num="155" type="stmt" count="22"/>
      <line num="156" type="stmt" count="22"/>
      <line num="157" type="stmt" count="22"/>
      <line num="158" type="stmt" count="22"/>
      <line num="159" type="stmt" count="22"/>
      <line num="160" type="stmt" count="22"/>
      <line num="164" type="method" name="jsonSerialize" visibility="public" complexity="1" crap="1" count="22"/>
      <line num="166" type="stmt" count="22"/>
      <metrics loc="169" ncloc="167" classes="1" methods="7" coveredmethods="3" conditionals="0" coveredconditionals="0" statements="66" coveredstatements="52" elements="73" coveredelements="55"/>
    </file>
    <file name="E:\PROYECTOS\MAESTRIA\koel\app\Values\WatchRecord\Contracts\WatchRecordInterface.php">
      <metrics loc="19" ncloc="19" classes="0" methods="0" coveredmethods="0" conditionals="0" coveredconditionals="0" statements="0" coveredstatements="0" elements="0" coveredelements="0"/>
    </file>
    <file name="E:\PROYECTOS\MAESTRIA\koel\app\Values\WatchRecord\InotifyWatchRecord.php">
      <class name="App\Values\WatchRecord\InotifyWatchRecord" namespace="global">
        <metrics complexity="8" methods="5" coveredmethods="5" conditionals="0" coveredconditionals="0" statements="7" coveredstatements="7" elements="12" coveredelements="12"/>
      </class>
      <line num="12" type="method" name="__construct" visibility="public" complexity="1" crap="1" count="2"/>
      <line num="14" type="stmt" count="2"/>
      <line num="16" type="stmt" count="2"/>
      <line num="23" type="method" name="parse" visibility="public" complexity="1" crap="1" count="2"/>
      <line num="25" type="stmt" count="2"/>
      <line num="26" type="stmt" count="2"/>
      <line num="32" type="method" name="isDeleted" visibility="public" complexity="2" crap="2" count="2"/>
      <line num="34" type="stmt" count="2"/>
      <line num="44" type="method" name="isNewOrModified" visibility="public" complexity="3" crap="3" count="1"/>
      <line num="46" type="stmt" count="1"/>
      <line num="49" type="method" name="isDirectory" visibility="public" complexity="1" crap="1" count="2"/>
      <line num="51" type="stmt" count="2"/>
      <metrics loc="54" ncloc="37" classes="1" methods="5" coveredmethods="5" conditionals="0" coveredconditionals="0" statements="7" coveredstatements="7" elements="12" coveredelements="12"/>
    </file>
    <file name="E:\PROYECTOS\MAESTRIA\koel\app\Values\WatchRecord\WatchRecord.php">
      <class name="App\Values\WatchRecord\WatchRecord" namespace="global">
        <metrics complexity="5" methods="5" coveredmethods="4" conditionals="0" coveredconditionals="0" statements="5" coveredstatements="4" elements="10" coveredelements="8"/>
      </class>
      <line num="29" type="method" name="__construct" visibility="public" complexity="1" crap="1" count="2"/>
      <line num="31" type="stmt" count="2"/>
      <line num="34" type="method" name="isFile" visibility="public" complexity="1" crap="1" count="2"/>
      <line num="36" type="stmt" count="2"/>
      <line num="42" type="method" name="eventExists" visibility="protected" complexity="1" crap="1" count="2"/>
      <line num="44" type="stmt" count="2"/>
      <line num="47" type="method" name="getPath" visibility="public" complexity="1" crap="1" count="2"/>
      <line num="49" type="stmt" count="2"/>
      <line num="52" type="method" name="__toString" visibility="public" complexity="1" crap="2" count="0"/>
      <line num="54" type="stmt" count="0"/>
      <metrics loc="57" ncloc="40" classes="1" methods="5" coveredmethods="4" conditionals="0" coveredconditionals="0" statements="5" coveredstatements="4" elements="10" coveredelements="8"/>
    </file>
    <metrics files="272" loc="11384" ncloc="10903" classes="252" methods="680" coveredmethods="479" conditionals="0" coveredconditionals="0" statements="2987" coveredstatements="2400" elements="3667" coveredelements="2879"/>
  </project>
</coverage>
